<?xml version="1.0" encoding="UTF-8"?>
<testsuite xmlns:xsi="http://www.w3.org/2001/XMLSchema-instance" xsi:noNamespaceSchemaLocation="https://maven.apache.org/surefire/maven-surefire-plugin/xsd/surefire-test-report.xsd" name="dec.ny.gov.etrack.permit.service.impl.ProjectServiceTest" time="0.699" tests="68" errors="2" skipped="0" failures="1">
  <properties>
    <property name="sun.desktop" value="windows"/>
    <property name="awt.toolkit" value="sun.awt.windows.WToolkit"/>
    <property name="file.encoding.pkg" value="sun.io"/>
    <property name="java.specification.version" value="1.8"/>
    <property name="sun.cpu.isalist" value="amd64"/>
    <property name="sun.jnu.encoding" value="Cp1252"/>
    <property name="java.class.path" value="C:\Users\sxchoudh\Documents\repo\etrack-permit-service\target\test-classes;C:\Users\sxchoudh\Documents\repo\etrack-permit-service\target\classes;C:\Users\sxchoudh\.m2\repository\org\springframework\boot\spring-boot-starter\2.3.9.RELEASE\spring-boot-starter-2.3.9.RELEASE.jar;C:\Users\sxchoudh\.m2\repository\org\springframework\boot\spring-boot\2.3.9.RELEASE\spring-boot-2.3.9.RELEASE.jar;C:\Users\sxchoudh\.m2\repository\org\springframework\boot\spring-boot-autoconfigure\2.3.9.RELEASE\spring-boot-autoconfigure-2.3.9.RELEASE.jar;C:\Users\sxchoudh\.m2\repository\org\springframework\boot\spring-boot-starter-logging\2.3.9.RELEASE\spring-boot-starter-logging-2.3.9.RELEASE.jar;C:\Users\sxchoudh\.m2\repository\ch\qos\logback\logback-classic\1.2.3\logback-classic-1.2.3.jar;C:\Users\sxchoudh\.m2\repository\ch\qos\logback\logback-core\1.2.3\logback-core-1.2.3.jar;C:\Users\sxchoudh\.m2\repository\org\apache\logging\log4j\log4j-to-slf4j\2.13.3\log4j-to-slf4j-2.13.3.jar;C:\Users\sxchoudh\.m2\repository\org\apache\logging\log4j\log4j-api\2.13.3\log4j-api-2.13.3.jar;C:\Users\sxchoudh\.m2\repository\org\slf4j\jul-to-slf4j\1.7.30\jul-to-slf4j-1.7.30.jar;C:\Users\sxchoudh\.m2\repository\jakarta\annotation\jakarta.annotation-api\1.3.5\jakarta.annotation-api-1.3.5.jar;C:\Users\sxchoudh\.m2\repository\org\springframework\spring-core\5.2.13.RELEASE\spring-core-5.2.13.RELEASE.jar;C:\Users\sxchoudh\.m2\repository\org\springframework\spring-jcl\5.2.13.RELEASE\spring-jcl-5.2.13.RELEASE.jar;C:\Users\sxchoudh\.m2\repository\org\projectlombok\lombok\1.18.18\lombok-1.18.18.jar;C:\Users\sxchoudh\.m2\repository\org\springframework\boot\spring-boot-starter-web\2.3.9.RELEASE\spring-boot-starter-web-2.3.9.RELEASE.jar;C:\Users\sxchoudh\.m2\repository\org\springframework\boot\spring-boot-starter-json\2.3.9.RELEASE\spring-boot-starter-json-2.3.9.RELEASE.jar;C:\Users\sxchoudh\.m2\repository\com\fasterxml\jackson\datatype\jackson-datatype-jdk8\2.11.4\jackson-datatype-jdk8-2.11.4.jar;C:\Users\sxchoudh\.m2\repository\com\fasterxml\jackson\datatype\jackson-datatype-jsr310\2.11.4\jackson-datatype-jsr310-2.11.4.jar;C:\Users\sxchoudh\.m2\repository\com\fasterxml\jackson\module\jackson-module-parameter-names\2.11.4\jackson-module-parameter-names-2.11.4.jar;C:\Users\sxchoudh\.m2\repository\org\springframework\spring-web\5.2.13.RELEASE\spring-web-5.2.13.RELEASE.jar;C:\Users\sxchoudh\.m2\repository\org\springframework\spring-webmvc\5.2.13.RELEASE\spring-webmvc-5.2.13.RELEASE.jar;C:\Users\sxchoudh\.m2\repository\org\springframework\spring-expression\5.2.13.RELEASE\spring-expression-5.2.13.RELEASE.jar;C:\Users\sxchoudh\.m2\repository\org\springframework\boot\spring-boot-starter-data-jpa\2.3.9.RELEASE\spring-boot-starter-data-jpa-2.3.9.RELEASE.jar;C:\Users\sxchoudh\.m2\repository\org\springframework\boot\spring-boot-starter-aop\2.3.9.RELEASE\spring-boot-starter-aop-2.3.9.RELEASE.jar;C:\Users\sxchoudh\.m2\repository\org\aspectj\aspectjweaver\1.9.6\aspectjweaver-1.9.6.jar;C:\Users\sxchoudh\.m2\repository\org\springframework\boot\spring-boot-starter-jdbc\2.3.9.RELEASE\spring-boot-starter-jdbc-2.3.9.RELEASE.jar;C:\Users\sxchoudh\.m2\repository\com\zaxxer\HikariCP\3.4.5\HikariCP-3.4.5.jar;C:\Users\sxchoudh\.m2\repository\org\springframework\spring-jdbc\5.2.13.RELEASE\spring-jdbc-5.2.13.RELEASE.jar;C:\Users\sxchoudh\.m2\repository\jakarta\transaction\jakarta.transaction-api\1.3.3\jakarta.transaction-api-1.3.3.jar;C:\Users\sxchoudh\.m2\repository\jakarta\persistence\jakarta.persistence-api\2.2.3\jakarta.persistence-api-2.2.3.jar;C:\Users\sxchoudh\.m2\repository\org\hibernate\hibernate-core\5.4.28.Final\hibernate-core-5.4.28.Final.jar;C:\Users\sxchoudh\.m2\repository\org\jboss\logging\jboss-logging\3.4.1.Final\jboss-logging-3.4.1.Final.jar;C:\Users\sxchoudh\.m2\repository\org\javassist\javassist\3.27.0-GA\javassist-3.27.0-GA.jar;C:\Users\sxchoudh\.m2\repository\net\bytebuddy\byte-buddy\1.10.20\byte-buddy-1.10.20.jar;C:\Users\sxchoudh\.m2\repository\antlr\antlr\2.7.7\antlr-2.7.7.jar;C:\Users\sxchoudh\.m2\repository\org\jboss\jandex\2.2.3.Final\jandex-2.2.3.Final.jar;C:\Users\sxchoudh\.m2\repository\org\dom4j\dom4j\2.1.3\dom4j-2.1.3.jar;C:\Users\sxchoudh\.m2\repository\org\hibernate\common\hibernate-commons-annotations\5.1.2.Final\hibernate-commons-annotations-5.1.2.Final.jar;C:\Users\sxchoudh\.m2\repository\org\springframework\data\spring-data-jpa\2.3.7.RELEASE\spring-data-jpa-2.3.7.RELEASE.jar;C:\Users\sxchoudh\.m2\repository\org\springframework\data\spring-data-commons\2.3.7.RELEASE\spring-data-commons-2.3.7.RELEASE.jar;C:\Users\sxchoudh\.m2\repository\org\springframework\spring-orm\5.2.13.RELEASE\spring-orm-5.2.13.RELEASE.jar;C:\Users\sxchoudh\.m2\repository\org\springframework\spring-aspects\5.2.13.RELEASE\spring-aspects-5.2.13.RELEASE.jar;C:\Users\sxchoudh\.m2\repository\org\springframework\boot\spring-boot-starter-mail\2.3.9.RELEASE\spring-boot-starter-mail-2.3.9.RELEASE.jar;C:\Users\sxchoudh\.m2\repository\org\springframework\spring-context-support\5.2.13.RELEASE\spring-context-support-5.2.13.RELEASE.jar;C:\Users\sxchoudh\.m2\repository\com\sun\mail\jakarta.mail\1.6.5\jakarta.mail-1.6.5.jar;C:\Users\sxchoudh\.m2\repository\com\sun\activation\jakarta.activation\1.2.2\jakarta.activation-1.2.2.jar;C:\Users\sxchoudh\.m2\repository\org\springframework\boot\spring-boot-starter-test\2.3.9.RELEASE\spring-boot-starter-test-2.3.9.RELEASE.jar;C:\Users\sxchoudh\.m2\repository\org\springframework\boot\spring-boot-test\2.3.9.RELEASE\spring-boot-test-2.3.9.RELEASE.jar;C:\Users\sxchoudh\.m2\repository\org\springframework\boot\spring-boot-test-autoconfigure\2.3.9.RELEASE\spring-boot-test-autoconfigure-2.3.9.RELEASE.jar;C:\Users\sxchoudh\.m2\repository\com\jayway\jsonpath\json-path\2.4.0\json-path-2.4.0.jar;C:\Users\sxchoudh\.m2\repository\net\minidev\json-smart\2.3\json-smart-2.3.jar;C:\Users\sxchoudh\.m2\repository\net\minidev\accessors-smart\1.2\accessors-smart-1.2.jar;C:\Users\sxchoudh\.m2\repository\org\ow2\asm\asm\5.0.4\asm-5.0.4.jar;C:\Users\sxchoudh\.m2\repository\jakarta\xml\bind\jakarta.xml.bind-api\2.3.3\jakarta.xml.bind-api-2.3.3.jar;C:\Users\sxchoudh\.m2\repository\jakarta\activation\jakarta.activation-api\1.2.2\jakarta.activation-api-1.2.2.jar;C:\Users\sxchoudh\.m2\repository\org\assertj\assertj-core\3.16.1\assertj-core-3.16.1.jar;C:\Users\sxchoudh\.m2\repository\org\hamcrest\hamcrest\2.2\hamcrest-2.2.jar;C:\Users\sxchoudh\.m2\repository\org\junit\jupiter\junit-jupiter\5.6.3\junit-jupiter-5.6.3.jar;C:\Users\sxchoudh\.m2\repository\org\junit\jupiter\junit-jupiter-api\5.6.3\junit-jupiter-api-5.6.3.jar;C:\Users\sxchoudh\.m2\repository\org\apiguardian\apiguardian-api\1.1.0\apiguardian-api-1.1.0.jar;C:\Users\sxchoudh\.m2\repository\org\opentest4j\opentest4j\1.2.0\opentest4j-1.2.0.jar;C:\Users\sxchoudh\.m2\repository\org\junit\platform\junit-platform-commons\1.6.3\junit-platform-commons-1.6.3.jar;C:\Users\sxchoudh\.m2\repository\org\junit\jupiter\junit-jupiter-params\5.6.3\junit-jupiter-params-5.6.3.jar;C:\Users\sxchoudh\.m2\repository\org\junit\jupiter\junit-jupiter-engine\5.6.3\junit-jupiter-engine-5.6.3.jar;C:\Users\sxchoudh\.m2\repository\org\junit\platform\junit-platform-engine\1.6.3\junit-platform-engine-1.6.3.jar;C:\Users\sxchoudh\.m2\repository\org\mockito\mockito-core\3.3.3\mockito-core-3.3.3.jar;C:\Users\sxchoudh\.m2\repository\net\bytebuddy\byte-buddy-agent\1.10.20\byte-buddy-agent-1.10.20.jar;C:\Users\sxchoudh\.m2\repository\org\objenesis\objenesis\2.6\objenesis-2.6.jar;C:\Users\sxchoudh\.m2\repository\org\mockito\mockito-junit-jupiter\3.3.3\mockito-junit-jupiter-3.3.3.jar;C:\Users\sxchoudh\.m2\repository\org\skyscreamer\jsonassert\1.5.0\jsonassert-1.5.0.jar;C:\Users\sxchoudh\.m2\repository\com\vaadin\external\google\android-json\0.0.20131108.vaadin1\android-json-0.0.20131108.vaadin1.jar;C:\Users\sxchoudh\.m2\repository\org\xmlunit\xmlunit-core\2.7.0\xmlunit-core-2.7.0.jar;C:\Users\sxchoudh\.m2\repository\org\springframework\ldap\spring-ldap-core\2.3.3.RELEASE\spring-ldap-core-2.3.3.RELEASE.jar;C:\Users\sxchoudh\.m2\repository\org\slf4j\slf4j-api\1.7.30\slf4j-api-1.7.30.jar;C:\Users\sxchoudh\.m2\repository\org\springframework\spring-beans\5.2.13.RELEASE\spring-beans-5.2.13.RELEASE.jar;C:\Users\sxchoudh\.m2\repository\org\springframework\spring-tx\5.2.13.RELEASE\spring-tx-5.2.13.RELEASE.jar;C:\Users\sxchoudh\.m2\repository\javax\servlet\javax.servlet-api\4.0.1\javax.servlet-api-4.0.1.jar;C:\Users\sxchoudh\.m2\repository\org\springframework\spring-test\5.2.13.RELEASE\spring-test-5.2.13.RELEASE.jar;C:\Users\sxchoudh\.m2\repository\junit\junit\4.13.2\junit-4.13.2.jar;C:\Users\sxchoudh\.m2\repository\org\hamcrest\hamcrest-core\2.2\hamcrest-core-2.2.jar;C:\Users\sxchoudh\.m2\repository\org\springframework\boot\spring-boot-starter-security\2.3.9.RELEASE\spring-boot-starter-security-2.3.9.RELEASE.jar;C:\Users\sxchoudh\.m2\repository\org\springframework\spring-aop\5.2.13.RELEASE\spring-aop-5.2.13.RELEASE.jar;C:\Users\sxchoudh\.m2\repository\org\springframework\security\spring-security-config\5.3.8.RELEASE\spring-security-config-5.3.8.RELEASE.jar;C:\Users\sxchoudh\.m2\repository\org\springframework\security\spring-security-web\5.3.8.RELEASE\spring-security-web-5.3.8.RELEASE.jar;C:\Users\sxchoudh\.m2\repository\org\springframework\boot\spring-boot-starter-oauth2-client\2.3.9.RELEASE\spring-boot-starter-oauth2-client-2.3.9.RELEASE.jar;C:\Users\sxchoudh\.m2\repository\org\springframework\security\spring-security-core\5.3.8.RELEASE\spring-security-core-5.3.8.RELEASE.jar;C:\Users\sxchoudh\.m2\repository\org\springframework\security\spring-security-oauth2-client\5.3.8.RELEASE\spring-security-oauth2-client-5.3.8.RELEASE.jar;C:\Users\sxchoudh\.m2\repository\com\nimbusds\oauth2-oidc-sdk\7.1.1\oauth2-oidc-sdk-7.1.1.jar;C:\Users\sxchoudh\.m2\repository\com\github\stephenc\jcip\jcip-annotations\1.0-1\jcip-annotations-1.0-1.jar;C:\Users\sxchoudh\.m2\repository\com\nimbusds\content-type\2.0\content-type-2.0.jar;C:\Users\sxchoudh\.m2\repository\com\nimbusds\lang-tag\1.4.4\lang-tag-1.4.4.jar;C:\Users\sxchoudh\.m2\repository\org\springframework\security\spring-security-oauth2-core\5.3.8.RELEASE\spring-security-oauth2-core-5.3.8.RELEASE.jar;C:\Users\sxchoudh\.m2\repository\org\springframework\security\spring-security-oauth2-jose\5.3.8.RELEASE\spring-security-oauth2-jose-5.3.8.RELEASE.jar;C:\Users\sxchoudh\.m2\repository\com\nimbusds\nimbus-jose-jwt\8.19\nimbus-jose-jwt-8.19.jar;C:\Users\sxchoudh\.m2\repository\org\springframework\security\oauth\spring-security-oauth2\2.5.1.RELEASE\spring-security-oauth2-2.5.1.RELEASE.jar;C:\Users\sxchoudh\.m2\repository\org\springframework\spring-context\5.2.13.RELEASE\spring-context-5.2.13.RELEASE.jar;C:\Users\sxchoudh\.m2\repository\commons-codec\commons-codec\1.14\commons-codec-1.14.jar;C:\Users\sxchoudh\.m2\repository\org\springframework\security\oauth\boot\spring-security-oauth2-autoconfigure\2.5.2\spring-security-oauth2-autoconfigure-2.5.2.jar;C:\Users\sxchoudh\.m2\repository\com\fasterxml\jackson\core\jackson-annotations\2.11.4\jackson-annotations-2.11.4.jar;C:\Users\sxchoudh\.m2\repository\com\fasterxml\jackson\core\jackson-databind\2.11.4\jackson-databind-2.11.4.jar;C:\Users\sxchoudh\.m2\repository\com\fasterxml\jackson\core\jackson-core\2.11.4\jackson-core-2.11.4.jar;C:\Users\sxchoudh\.m2\repository\javax\xml\bind\jaxb-api\2.3.1\jaxb-api-2.3.1.jar;C:\Users\sxchoudh\.m2\repository\javax\activation\javax.activation-api\1.2.0\javax.activation-api-1.2.0.jar;C:\Users\sxchoudh\.m2\repository\org\springframework\security\spring-security-jwt\1.1.1.RELEASE\spring-security-jwt-1.1.1.RELEASE.jar;C:\Users\sxchoudh\.m2\repository\org\bouncycastle\bcpkix-jdk15on\1.64\bcpkix-jdk15on-1.64.jar;C:\Users\sxchoudh\.m2\repository\org\bouncycastle\bcprov-jdk15on\1.64\bcprov-jdk15on-1.64.jar;C:\Users\sxchoudh\.m2\repository\org\glassfish\jaxb\jaxb-runtime\2.3.3\jaxb-runtime-2.3.3.jar;C:\Users\sxchoudh\.m2\repository\org\glassfish\jaxb\txw2\2.3.3\txw2-2.3.3.jar;C:\Users\sxchoudh\.m2\repository\com\sun\istack\istack-commons-runtime\3.0.11\istack-commons-runtime-3.0.11.jar;C:\Users\sxchoudh\.m2\repository\org\springframework\boot\spring-boot-starter-oauth2-resource-server\2.3.9.RELEASE\spring-boot-starter-oauth2-resource-server-2.3.9.RELEASE.jar;C:\Users\sxchoudh\.m2\repository\org\springframework\security\spring-security-oauth2-resource-server\5.3.8.RELEASE\spring-security-oauth2-resource-server-5.3.8.RELEASE.jar;C:\Users\sxchoudh\.m2\repository\org\springframework\security\spring-security-test\5.3.8.RELEASE\spring-security-test-5.3.8.RELEASE.jar;C:\Users\sxchoudh\.m2\repository\io\springfox\springfox-swagger2\2.9.2\springfox-swagger2-2.9.2.jar;C:\Users\sxchoudh\.m2\repository\io\swagger\swagger-annotations\1.5.20\swagger-annotations-1.5.20.jar;C:\Users\sxchoudh\.m2\repository\io\swagger\swagger-models\1.5.20\swagger-models-1.5.20.jar;C:\Users\sxchoudh\.m2\repository\io\springfox\springfox-spi\2.9.2\springfox-spi-2.9.2.jar;C:\Users\sxchoudh\.m2\repository\io\springfox\springfox-core\2.9.2\springfox-core-2.9.2.jar;C:\Users\sxchoudh\.m2\repository\io\springfox\springfox-schema\2.9.2\springfox-schema-2.9.2.jar;C:\Users\sxchoudh\.m2\repository\io\springfox\springfox-swagger-common\2.9.2\springfox-swagger-common-2.9.2.jar;C:\Users\sxchoudh\.m2\repository\io\springfox\springfox-spring-web\2.9.2\springfox-spring-web-2.9.2.jar;C:\Users\sxchoudh\.m2\repository\com\google\guava\guava\20.0\guava-20.0.jar;C:\Users\sxchoudh\.m2\repository\com\fasterxml\classmate\1.5.1\classmate-1.5.1.jar;C:\Users\sxchoudh\.m2\repository\org\springframework\plugin\spring-plugin-core\1.2.0.RELEASE\spring-plugin-core-1.2.0.RELEASE.jar;C:\Users\sxchoudh\.m2\repository\org\springframework\plugin\spring-plugin-metadata\1.2.0.RELEASE\spring-plugin-metadata-1.2.0.RELEASE.jar;C:\Users\sxchoudh\.m2\repository\org\mapstruct\mapstruct\1.2.0.Final\mapstruct-1.2.0.Final.jar;C:\Users\sxchoudh\.m2\repository\io\springfox\springfox-swagger-ui\2.9.2\springfox-swagger-ui-2.9.2.jar;C:\Users\sxchoudh\.m2\repository\com\github\librepdf\openpdf\1.3.26\openpdf-1.3.26.jar;C:\Users\sxchoudh\.m2\repository\com\google\code\findbugs\jsr305\3.0.2\jsr305-3.0.2.jar;C:\Users\sxchoudh\.m2\repository\javax\interceptor\javax.interceptor-api\1.2\javax.interceptor-api-1.2.jar;"/>
    <property name="java.vm.vendor" value="Red Hat, Inc."/>
    <property name="sun.arch.data.model" value="64"/>
    <property name="user.variant" value=""/>
    <property name="java.vendor.url" value="https://developers.redhat.com/"/>
    <property name="user.timezone" value="America/New_York"/>
    <property name="java.vm.specification.version" value="1.8"/>
    <property name="os.name" value="Windows 10"/>
    <property name="user.country" value="US"/>
    <property name="sun.java.launcher" value="SUN_STANDARD"/>
    <property name="sun.boot.library.path" value="C:\Program Files\RedHat\java-1.8.0-openjdk-1.8.0.322-2\jre\bin"/>
    <property name="sun.java.command" value="C:\Users\sxchoudh\AppData\Local\Temp\surefire8911652322759925988\surefirebooter853656653136991052.jar C:\Users\sxchoudh\AppData\Local\Temp\surefire8911652322759925988 2025-07-25T10-12-56_836-jvmRun1 surefire1525157912143161563tmp surefire_05727721490645198397tmp"/>
    <property name="surefire.test.class.path" value="C:\Users\sxchoudh\Documents\repo\etrack-permit-service\target\test-classes;C:\Users\sxchoudh\Documents\repo\etrack-permit-service\target\classes;C:\Users\sxchoudh\.m2\repository\org\springframework\boot\spring-boot-starter\2.3.9.RELEASE\spring-boot-starter-2.3.9.RELEASE.jar;C:\Users\sxchoudh\.m2\repository\org\springframework\boot\spring-boot\2.3.9.RELEASE\spring-boot-2.3.9.RELEASE.jar;C:\Users\sxchoudh\.m2\repository\org\springframework\boot\spring-boot-autoconfigure\2.3.9.RELEASE\spring-boot-autoconfigure-2.3.9.RELEASE.jar;C:\Users\sxchoudh\.m2\repository\org\springframework\boot\spring-boot-starter-logging\2.3.9.RELEASE\spring-boot-starter-logging-2.3.9.RELEASE.jar;C:\Users\sxchoudh\.m2\repository\ch\qos\logback\logback-classic\1.2.3\logback-classic-1.2.3.jar;C:\Users\sxchoudh\.m2\repository\ch\qos\logback\logback-core\1.2.3\logback-core-1.2.3.jar;C:\Users\sxchoudh\.m2\repository\org\apache\logging\log4j\log4j-to-slf4j\2.13.3\log4j-to-slf4j-2.13.3.jar;C:\Users\sxchoudh\.m2\repository\org\apache\logging\log4j\log4j-api\2.13.3\log4j-api-2.13.3.jar;C:\Users\sxchoudh\.m2\repository\org\slf4j\jul-to-slf4j\1.7.30\jul-to-slf4j-1.7.30.jar;C:\Users\sxchoudh\.m2\repository\jakarta\annotation\jakarta.annotation-api\1.3.5\jakarta.annotation-api-1.3.5.jar;C:\Users\sxchoudh\.m2\repository\org\springframework\spring-core\5.2.13.RELEASE\spring-core-5.2.13.RELEASE.jar;C:\Users\sxchoudh\.m2\repository\org\springframework\spring-jcl\5.2.13.RELEASE\spring-jcl-5.2.13.RELEASE.jar;C:\Users\sxchoudh\.m2\repository\org\projectlombok\lombok\1.18.18\lombok-1.18.18.jar;C:\Users\sxchoudh\.m2\repository\org\springframework\boot\spring-boot-starter-web\2.3.9.RELEASE\spring-boot-starter-web-2.3.9.RELEASE.jar;C:\Users\sxchoudh\.m2\repository\org\springframework\boot\spring-boot-starter-json\2.3.9.RELEASE\spring-boot-starter-json-2.3.9.RELEASE.jar;C:\Users\sxchoudh\.m2\repository\com\fasterxml\jackson\datatype\jackson-datatype-jdk8\2.11.4\jackson-datatype-jdk8-2.11.4.jar;C:\Users\sxchoudh\.m2\repository\com\fasterxml\jackson\datatype\jackson-datatype-jsr310\2.11.4\jackson-datatype-jsr310-2.11.4.jar;C:\Users\sxchoudh\.m2\repository\com\fasterxml\jackson\module\jackson-module-parameter-names\2.11.4\jackson-module-parameter-names-2.11.4.jar;C:\Users\sxchoudh\.m2\repository\org\springframework\spring-web\5.2.13.RELEASE\spring-web-5.2.13.RELEASE.jar;C:\Users\sxchoudh\.m2\repository\org\springframework\spring-webmvc\5.2.13.RELEASE\spring-webmvc-5.2.13.RELEASE.jar;C:\Users\sxchoudh\.m2\repository\org\springframework\spring-expression\5.2.13.RELEASE\spring-expression-5.2.13.RELEASE.jar;C:\Users\sxchoudh\.m2\repository\org\springframework\boot\spring-boot-starter-data-jpa\2.3.9.RELEASE\spring-boot-starter-data-jpa-2.3.9.RELEASE.jar;C:\Users\sxchoudh\.m2\repository\org\springframework\boot\spring-boot-starter-aop\2.3.9.RELEASE\spring-boot-starter-aop-2.3.9.RELEASE.jar;C:\Users\sxchoudh\.m2\repository\org\aspectj\aspectjweaver\1.9.6\aspectjweaver-1.9.6.jar;C:\Users\sxchoudh\.m2\repository\org\springframework\boot\spring-boot-starter-jdbc\2.3.9.RELEASE\spring-boot-starter-jdbc-2.3.9.RELEASE.jar;C:\Users\sxchoudh\.m2\repository\com\zaxxer\HikariCP\3.4.5\HikariCP-3.4.5.jar;C:\Users\sxchoudh\.m2\repository\org\springframework\spring-jdbc\5.2.13.RELEASE\spring-jdbc-5.2.13.RELEASE.jar;C:\Users\sxchoudh\.m2\repository\jakarta\transaction\jakarta.transaction-api\1.3.3\jakarta.transaction-api-1.3.3.jar;C:\Users\sxchoudh\.m2\repository\jakarta\persistence\jakarta.persistence-api\2.2.3\jakarta.persistence-api-2.2.3.jar;C:\Users\sxchoudh\.m2\repository\org\hibernate\hibernate-core\5.4.28.Final\hibernate-core-5.4.28.Final.jar;C:\Users\sxchoudh\.m2\repository\org\jboss\logging\jboss-logging\3.4.1.Final\jboss-logging-3.4.1.Final.jar;C:\Users\sxchoudh\.m2\repository\org\javassist\javassist\3.27.0-GA\javassist-3.27.0-GA.jar;C:\Users\sxchoudh\.m2\repository\net\bytebuddy\byte-buddy\1.10.20\byte-buddy-1.10.20.jar;C:\Users\sxchoudh\.m2\repository\antlr\antlr\2.7.7\antlr-2.7.7.jar;C:\Users\sxchoudh\.m2\repository\org\jboss\jandex\2.2.3.Final\jandex-2.2.3.Final.jar;C:\Users\sxchoudh\.m2\repository\org\dom4j\dom4j\2.1.3\dom4j-2.1.3.jar;C:\Users\sxchoudh\.m2\repository\org\hibernate\common\hibernate-commons-annotations\5.1.2.Final\hibernate-commons-annotations-5.1.2.Final.jar;C:\Users\sxchoudh\.m2\repository\org\springframework\data\spring-data-jpa\2.3.7.RELEASE\spring-data-jpa-2.3.7.RELEASE.jar;C:\Users\sxchoudh\.m2\repository\org\springframework\data\spring-data-commons\2.3.7.RELEASE\spring-data-commons-2.3.7.RELEASE.jar;C:\Users\sxchoudh\.m2\repository\org\springframework\spring-orm\5.2.13.RELEASE\spring-orm-5.2.13.RELEASE.jar;C:\Users\sxchoudh\.m2\repository\org\springframework\spring-aspects\5.2.13.RELEASE\spring-aspects-5.2.13.RELEASE.jar;C:\Users\sxchoudh\.m2\repository\org\springframework\boot\spring-boot-starter-mail\2.3.9.RELEASE\spring-boot-starter-mail-2.3.9.RELEASE.jar;C:\Users\sxchoudh\.m2\repository\org\springframework\spring-context-support\5.2.13.RELEASE\spring-context-support-5.2.13.RELEASE.jar;C:\Users\sxchoudh\.m2\repository\com\sun\mail\jakarta.mail\1.6.5\jakarta.mail-1.6.5.jar;C:\Users\sxchoudh\.m2\repository\com\sun\activation\jakarta.activation\1.2.2\jakarta.activation-1.2.2.jar;C:\Users\sxchoudh\.m2\repository\org\springframework\boot\spring-boot-starter-test\2.3.9.RELEASE\spring-boot-starter-test-2.3.9.RELEASE.jar;C:\Users\sxchoudh\.m2\repository\org\springframework\boot\spring-boot-test\2.3.9.RELEASE\spring-boot-test-2.3.9.RELEASE.jar;C:\Users\sxchoudh\.m2\repository\org\springframework\boot\spring-boot-test-autoconfigure\2.3.9.RELEASE\spring-boot-test-autoconfigure-2.3.9.RELEASE.jar;C:\Users\sxchoudh\.m2\repository\com\jayway\jsonpath\json-path\2.4.0\json-path-2.4.0.jar;C:\Users\sxchoudh\.m2\repository\net\minidev\json-smart\2.3\json-smart-2.3.jar;C:\Users\sxchoudh\.m2\repository\net\minidev\accessors-smart\1.2\accessors-smart-1.2.jar;C:\Users\sxchoudh\.m2\repository\org\ow2\asm\asm\5.0.4\asm-5.0.4.jar;C:\Users\sxchoudh\.m2\repository\jakarta\xml\bind\jakarta.xml.bind-api\2.3.3\jakarta.xml.bind-api-2.3.3.jar;C:\Users\sxchoudh\.m2\repository\jakarta\activation\jakarta.activation-api\1.2.2\jakarta.activation-api-1.2.2.jar;C:\Users\sxchoudh\.m2\repository\org\assertj\assertj-core\3.16.1\assertj-core-3.16.1.jar;C:\Users\sxchoudh\.m2\repository\org\hamcrest\hamcrest\2.2\hamcrest-2.2.jar;C:\Users\sxchoudh\.m2\repository\org\junit\jupiter\junit-jupiter\5.6.3\junit-jupiter-5.6.3.jar;C:\Users\sxchoudh\.m2\repository\org\junit\jupiter\junit-jupiter-api\5.6.3\junit-jupiter-api-5.6.3.jar;C:\Users\sxchoudh\.m2\repository\org\apiguardian\apiguardian-api\1.1.0\apiguardian-api-1.1.0.jar;C:\Users\sxchoudh\.m2\repository\org\opentest4j\opentest4j\1.2.0\opentest4j-1.2.0.jar;C:\Users\sxchoudh\.m2\repository\org\junit\platform\junit-platform-commons\1.6.3\junit-platform-commons-1.6.3.jar;C:\Users\sxchoudh\.m2\repository\org\junit\jupiter\junit-jupiter-params\5.6.3\junit-jupiter-params-5.6.3.jar;C:\Users\sxchoudh\.m2\repository\org\junit\jupiter\junit-jupiter-engine\5.6.3\junit-jupiter-engine-5.6.3.jar;C:\Users\sxchoudh\.m2\repository\org\junit\platform\junit-platform-engine\1.6.3\junit-platform-engine-1.6.3.jar;C:\Users\sxchoudh\.m2\repository\org\mockito\mockito-core\3.3.3\mockito-core-3.3.3.jar;C:\Users\sxchoudh\.m2\repository\net\bytebuddy\byte-buddy-agent\1.10.20\byte-buddy-agent-1.10.20.jar;C:\Users\sxchoudh\.m2\repository\org\objenesis\objenesis\2.6\objenesis-2.6.jar;C:\Users\sxchoudh\.m2\repository\org\mockito\mockito-junit-jupiter\3.3.3\mockito-junit-jupiter-3.3.3.jar;C:\Users\sxchoudh\.m2\repository\org\skyscreamer\jsonassert\1.5.0\jsonassert-1.5.0.jar;C:\Users\sxchoudh\.m2\repository\com\vaadin\external\google\android-json\0.0.20131108.vaadin1\android-json-0.0.20131108.vaadin1.jar;C:\Users\sxchoudh\.m2\repository\org\xmlunit\xmlunit-core\2.7.0\xmlunit-core-2.7.0.jar;C:\Users\sxchoudh\.m2\repository\org\springframework\ldap\spring-ldap-core\2.3.3.RELEASE\spring-ldap-core-2.3.3.RELEASE.jar;C:\Users\sxchoudh\.m2\repository\org\slf4j\slf4j-api\1.7.30\slf4j-api-1.7.30.jar;C:\Users\sxchoudh\.m2\repository\org\springframework\spring-beans\5.2.13.RELEASE\spring-beans-5.2.13.RELEASE.jar;C:\Users\sxchoudh\.m2\repository\org\springframework\spring-tx\5.2.13.RELEASE\spring-tx-5.2.13.RELEASE.jar;C:\Users\sxchoudh\.m2\repository\javax\servlet\javax.servlet-api\4.0.1\javax.servlet-api-4.0.1.jar;C:\Users\sxchoudh\.m2\repository\org\springframework\spring-test\5.2.13.RELEASE\spring-test-5.2.13.RELEASE.jar;C:\Users\sxchoudh\.m2\repository\junit\junit\4.13.2\junit-4.13.2.jar;C:\Users\sxchoudh\.m2\repository\org\hamcrest\hamcrest-core\2.2\hamcrest-core-2.2.jar;C:\Users\sxchoudh\.m2\repository\org\springframework\boot\spring-boot-starter-security\2.3.9.RELEASE\spring-boot-starter-security-2.3.9.RELEASE.jar;C:\Users\sxchoudh\.m2\repository\org\springframework\spring-aop\5.2.13.RELEASE\spring-aop-5.2.13.RELEASE.jar;C:\Users\sxchoudh\.m2\repository\org\springframework\security\spring-security-config\5.3.8.RELEASE\spring-security-config-5.3.8.RELEASE.jar;C:\Users\sxchoudh\.m2\repository\org\springframework\security\spring-security-web\5.3.8.RELEASE\spring-security-web-5.3.8.RELEASE.jar;C:\Users\sxchoudh\.m2\repository\org\springframework\boot\spring-boot-starter-oauth2-client\2.3.9.RELEASE\spring-boot-starter-oauth2-client-2.3.9.RELEASE.jar;C:\Users\sxchoudh\.m2\repository\org\springframework\security\spring-security-core\5.3.8.RELEASE\spring-security-core-5.3.8.RELEASE.jar;C:\Users\sxchoudh\.m2\repository\org\springframework\security\spring-security-oauth2-client\5.3.8.RELEASE\spring-security-oauth2-client-5.3.8.RELEASE.jar;C:\Users\sxchoudh\.m2\repository\com\nimbusds\oauth2-oidc-sdk\7.1.1\oauth2-oidc-sdk-7.1.1.jar;C:\Users\sxchoudh\.m2\repository\com\github\stephenc\jcip\jcip-annotations\1.0-1\jcip-annotations-1.0-1.jar;C:\Users\sxchoudh\.m2\repository\com\nimbusds\content-type\2.0\content-type-2.0.jar;C:\Users\sxchoudh\.m2\repository\com\nimbusds\lang-tag\1.4.4\lang-tag-1.4.4.jar;C:\Users\sxchoudh\.m2\repository\org\springframework\security\spring-security-oauth2-core\5.3.8.RELEASE\spring-security-oauth2-core-5.3.8.RELEASE.jar;C:\Users\sxchoudh\.m2\repository\org\springframework\security\spring-security-oauth2-jose\5.3.8.RELEASE\spring-security-oauth2-jose-5.3.8.RELEASE.jar;C:\Users\sxchoudh\.m2\repository\com\nimbusds\nimbus-jose-jwt\8.19\nimbus-jose-jwt-8.19.jar;C:\Users\sxchoudh\.m2\repository\org\springframework\security\oauth\spring-security-oauth2\2.5.1.RELEASE\spring-security-oauth2-2.5.1.RELEASE.jar;C:\Users\sxchoudh\.m2\repository\org\springframework\spring-context\5.2.13.RELEASE\spring-context-5.2.13.RELEASE.jar;C:\Users\sxchoudh\.m2\repository\commons-codec\commons-codec\1.14\commons-codec-1.14.jar;C:\Users\sxchoudh\.m2\repository\org\springframework\security\oauth\boot\spring-security-oauth2-autoconfigure\2.5.2\spring-security-oauth2-autoconfigure-2.5.2.jar;C:\Users\sxchoudh\.m2\repository\com\fasterxml\jackson\core\jackson-annotations\2.11.4\jackson-annotations-2.11.4.jar;C:\Users\sxchoudh\.m2\repository\com\fasterxml\jackson\core\jackson-databind\2.11.4\jackson-databind-2.11.4.jar;C:\Users\sxchoudh\.m2\repository\com\fasterxml\jackson\core\jackson-core\2.11.4\jackson-core-2.11.4.jar;C:\Users\sxchoudh\.m2\repository\javax\xml\bind\jaxb-api\2.3.1\jaxb-api-2.3.1.jar;C:\Users\sxchoudh\.m2\repository\javax\activation\javax.activation-api\1.2.0\javax.activation-api-1.2.0.jar;C:\Users\sxchoudh\.m2\repository\org\springframework\security\spring-security-jwt\1.1.1.RELEASE\spring-security-jwt-1.1.1.RELEASE.jar;C:\Users\sxchoudh\.m2\repository\org\bouncycastle\bcpkix-jdk15on\1.64\bcpkix-jdk15on-1.64.jar;C:\Users\sxchoudh\.m2\repository\org\bouncycastle\bcprov-jdk15on\1.64\bcprov-jdk15on-1.64.jar;C:\Users\sxchoudh\.m2\repository\org\glassfish\jaxb\jaxb-runtime\2.3.3\jaxb-runtime-2.3.3.jar;C:\Users\sxchoudh\.m2\repository\org\glassfish\jaxb\txw2\2.3.3\txw2-2.3.3.jar;C:\Users\sxchoudh\.m2\repository\com\sun\istack\istack-commons-runtime\3.0.11\istack-commons-runtime-3.0.11.jar;C:\Users\sxchoudh\.m2\repository\org\springframework\boot\spring-boot-starter-oauth2-resource-server\2.3.9.RELEASE\spring-boot-starter-oauth2-resource-server-2.3.9.RELEASE.jar;C:\Users\sxchoudh\.m2\repository\org\springframework\security\spring-security-oauth2-resource-server\5.3.8.RELEASE\spring-security-oauth2-resource-server-5.3.8.RELEASE.jar;C:\Users\sxchoudh\.m2\repository\org\springframework\security\spring-security-test\5.3.8.RELEASE\spring-security-test-5.3.8.RELEASE.jar;C:\Users\sxchoudh\.m2\repository\io\springfox\springfox-swagger2\2.9.2\springfox-swagger2-2.9.2.jar;C:\Users\sxchoudh\.m2\repository\io\swagger\swagger-annotations\1.5.20\swagger-annotations-1.5.20.jar;C:\Users\sxchoudh\.m2\repository\io\swagger\swagger-models\1.5.20\swagger-models-1.5.20.jar;C:\Users\sxchoudh\.m2\repository\io\springfox\springfox-spi\2.9.2\springfox-spi-2.9.2.jar;C:\Users\sxchoudh\.m2\repository\io\springfox\springfox-core\2.9.2\springfox-core-2.9.2.jar;C:\Users\sxchoudh\.m2\repository\io\springfox\springfox-schema\2.9.2\springfox-schema-2.9.2.jar;C:\Users\sxchoudh\.m2\repository\io\springfox\springfox-swagger-common\2.9.2\springfox-swagger-common-2.9.2.jar;C:\Users\sxchoudh\.m2\repository\io\springfox\springfox-spring-web\2.9.2\springfox-spring-web-2.9.2.jar;C:\Users\sxchoudh\.m2\repository\com\google\guava\guava\20.0\guava-20.0.jar;C:\Users\sxchoudh\.m2\repository\com\fasterxml\classmate\1.5.1\classmate-1.5.1.jar;C:\Users\sxchoudh\.m2\repository\org\springframework\plugin\spring-plugin-core\1.2.0.RELEASE\spring-plugin-core-1.2.0.RELEASE.jar;C:\Users\sxchoudh\.m2\repository\org\springframework\plugin\spring-plugin-metadata\1.2.0.RELEASE\spring-plugin-metadata-1.2.0.RELEASE.jar;C:\Users\sxchoudh\.m2\repository\org\mapstruct\mapstruct\1.2.0.Final\mapstruct-1.2.0.Final.jar;C:\Users\sxchoudh\.m2\repository\io\springfox\springfox-swagger-ui\2.9.2\springfox-swagger-ui-2.9.2.jar;C:\Users\sxchoudh\.m2\repository\com\github\librepdf\openpdf\1.3.26\openpdf-1.3.26.jar;C:\Users\sxchoudh\.m2\repository\com\google\code\findbugs\jsr305\3.0.2\jsr305-3.0.2.jar;C:\Users\sxchoudh\.m2\repository\javax\interceptor\javax.interceptor-api\1.2\javax.interceptor-api-1.2.jar;"/>
    <property name="sun.cpu.endian" value="little"/>
    <property name="user.home" value="C:\Users\sxchoudh"/>
    <property name="user.language" value="en"/>
    <property name="java.specification.vendor" value="Oracle Corporation"/>
    <property name="java.home" value="C:\Program Files\RedHat\java-1.8.0-openjdk-1.8.0.322-2\jre"/>
    <property name="basedir" value="C:\Users\sxchoudh\Documents\repo\etrack-permit-service"/>
    <property name="file.separator" value="\"/>
    <property name="line.separator" value="&#10;"/>
    <property name="java.vm.specification.vendor" value="Oracle Corporation"/>
    <property name="java.specification.name" value="Java Platform API Specification"/>
    <property name="java.awt.graphicsenv" value="sun.awt.Win32GraphicsEnvironment"/>
    <property name="surefire.real.class.path" value="C:\Users\sxchoudh\AppData\Local\Temp\surefire8911652322759925988\surefirebooter853656653136991052.jar;C:\\Users\\sxchoudh\\.m2\\repository\\org\\jacoco\\org.jacoco.agent\\0.8.7\\org.jacoco.agent-0.8.7-runtime.jar"/>
    <property name="sun.boot.class.path" value="C:\Program Files\RedHat\java-1.8.0-openjdk-1.8.0.322-2\jre\lib\resources.jar;C:\Program Files\RedHat\java-1.8.0-openjdk-1.8.0.322-2\jre\lib\rt.jar;C:\Program Files\RedHat\java-1.8.0-openjdk-1.8.0.322-2\jre\lib\sunrsasign.jar;C:\Program Files\RedHat\java-1.8.0-openjdk-1.8.0.322-2\jre\lib\jsse.jar;C:\Program Files\RedHat\java-1.8.0-openjdk-1.8.0.322-2\jre\lib\jce.jar;C:\Program Files\RedHat\java-1.8.0-openjdk-1.8.0.322-2\jre\lib\charsets.jar;C:\Program Files\RedHat\java-1.8.0-openjdk-1.8.0.322-2\jre\lib\jfr.jar;C:\Program Files\RedHat\java-1.8.0-openjdk-1.8.0.322-2\jre\classes"/>
    <property name="user.script" value=""/>
    <property name="sun.management.compiler" value="HotSpot 64-Bit Tiered Compilers"/>
    <property name="java.runtime.version" value="1.8.0_322-b06"/>
    <property name="user.name" value="SxChoudh"/>
    <property name="path.separator" value=";"/>
    <property name="os.version" value="10.0"/>
    <property name="java.endorsed.dirs" value="C:\Program Files\RedHat\java-1.8.0-openjdk-1.8.0.322-2\jre\lib\endorsed"/>
    <property name="java.runtime.name" value="OpenJDK Runtime Environment"/>
    <property name="file.encoding" value="Cp1252"/>
    <property name="java.vm.name" value="OpenJDK 64-Bit Server VM"/>
    <property name="localRepository" value="C:\Users\sxchoudh\.m2\repository"/>
    <property name="java.vendor.url.bug" value="https://bugzilla.redhat.com/enter_bug.cgi"/>
    <property name="java.io.tmpdir" value="C:\Users\sxchoudh\AppData\Local\Temp\"/>
    <property name="idea.version" value="2024.2"/>
    <property name="java.version" value="1.8.0_322"/>
    <property name="user.dir" value="C:\Users\sxchoudh\Documents\repo\etrack-permit-service"/>
    <property name="os.arch" value="amd64"/>
    <property name="java.vm.specification.name" value="Java Virtual Machine Specification"/>
    <property name="java.awt.printerjob" value="sun.awt.windows.WPrinterJob"/>
    <property name="sun.os.patch.level" value=""/>
    <property name="java.library.path" value="C:\Program Files\RedHat\java-1.8.0-openjdk-1.8.0.322-2\jre\bin;C:\WINDOWS\Sun\Java\bin;C:\WINDOWS\system32;C:\WINDOWS;C:\ProgramData\Oracle\Java\javapath;C:\oracle\product\11.2.0\client_1\bin;C:\WINDOWS\system32;C:\WINDOWS;C:\WINDOWS\System32\Wbem;C:\WINDOWS\System32\WindowsPowerShell\v1.0\;C:\Program Files\dotnet\;C:\Program Files\RedHat\java-1.8.0-openjdk-1.8.0.322-2\bin;C:\Program Files\RedHat\java-1.8.0-openjdk-1.8.0.322-2\jre\bin;node_modules\npm\bin;C:\ProgramData\chocolatey\bin;%NVM_HOME%;C:\Program Files\nodejs;C:\Program Files\Git\cmd;C:\Users\sxchoudh\AppData\Local\Microsoft\WindowsApps;C:\Users\sxchoudh\AppData\Local\Programs\Git\cmd;C:\Users\sxchoudh\Documents\apache-maven-3.8.4\bin;C:\Program Files\JetBrains\WebStorm 2024.1.4\bin;C:\Users\sxchoudh\AppData\Local\JetBrains\Toolbox\scripts;C:\Program Files\JetBrains\IntelliJ IDEA 2024.1.4\bin;C:\Users\sxchoudh\AppData\Roaming\nvm;C:\nvm4w\nodejs;C:\Users\sxchoudh\AppData\Local\Microsoft\WinGet\Links;C:\Users\sxchoudh\AppData\Local\Microsoft\WindowsApps;."/>
    <property name="java.vm.info" value="mixed mode"/>
    <property name="java.vendor" value="Red Hat, Inc."/>
    <property name="java.vm.version" value="25.322-b06"/>
    <property name="java.ext.dirs" value="C:\Program Files\RedHat\java-1.8.0-openjdk-1.8.0.322-2\jre\lib\ext;C:\WINDOWS\Sun\Java\lib\ext"/>
    <property name="sun.io.unicode.encoding" value="UnicodeLittle"/>
    <property name="java.class.version" value="52.0"/>
  </properties>
  <testcase name="testUpdateDocumentReviewerCompletionDetailsCallsRepoToRetrieveDocIdsToResetReviewAsIncomplete" classname="dec.ny.gov.etrack.permit.service.impl.ProjectServiceTest" time="0.006"/>
  <testcase name="testGetProjectPermitStatusThrowsBREForInvalidMode" classname="dec.ny.gov.etrack.permit.service.impl.ProjectServiceTest" time="0.004"/>
  <testcase name="testUpdateDocumentReviewerDetailsThrowsDataNotFoundExceptionForInvalidProjectId" classname="dec.ny.gov.etrack.permit.service.impl.ProjectServiceTest" time="0.005"/>
  <testcase name="testUploadProjectDetailsToEnterpriseThrowsBREForNoProjectToUpload" classname="dec.ny.gov.etrack.permit.service.impl.ProjectServiceTest" time="0.011"/>
  <testcase name="testStoreProjectInfoDeletesAllExistingProjDevelopment" classname="dec.ny.gov.etrack.permit.service.impl.ProjectServiceTest" time="0.008"/>
  <testcase name="testStoreProjectInfoSavesAllProjectsSwFacilityTypes" classname="dec.ny.gov.etrack.permit.service.impl.ProjectServiceTest" time="0.006"/>
  <testcase name="testSaveProjectDoesNotSaveProjectActivityWhenPolygonStatusIsAnalystApproved" classname="dec.ny.gov.etrack.permit.service.impl.ProjectServiceTest" time="0.005"/>
  <testcase name="testUpdateProjectSavesNewProjectActivityOne" classname="dec.ny.gov.etrack.permit.service.impl.ProjectServiceTest" time="0.004"/>
  <testcase name="testUploadGISApprovedPolygonToEFindWithRequest" classname="dec.ny.gov.etrack.permit.service.impl.ProjectServiceTest" time="0.006"/>
  <testcase name="testSaveProjectThrowsBREForInvalidRecvdDateOne" classname="dec.ny.gov.etrack.permit.service.impl.ProjectServiceTest" time="0.007"/>
  <testcase name="testGetBusinessVerifiedReturnsCorrectNameAndOkStatus" classname="dec.ny.gov.etrack.permit.service.impl.ProjectServiceTest" time="0.003"/>
  <testcase name="testGetProjectPermitStatusDoesNotMarkStatusAsCompleteForApplicantValInValidateMode" classname="dec.ny.gov.etrack.permit.service.impl.ProjectServiceTest" time="0.006"/>
  <testcase name="testSaveProjectSavesProjectActivityWhenPolygonStatusEqualsApplicantSubmitted" classname="dec.ny.gov.etrack.permit.service.impl.ProjectServiceTest" time="0.004"/>
  <testcase name="testUpdateProjectSavesNewProjectActivity" classname="dec.ny.gov.etrack.permit.service.impl.ProjectServiceTest" time="0.003"/>
  <testcase name="testStoreProjectInfoSavesAllProjectActivities" classname="dec.ny.gov.etrack.permit.service.impl.ProjectServiceTest" time="0.004"/>
  <testcase name="testSaveProjectThrowsBREForNoRegions" classname="dec.ny.gov.etrack.permit.service.impl.ProjectServiceTest" time="0.002"/>
  <testcase name="testDeleteProjectsThrowsBREWhenSubmittedProjectIsDeleted" classname="dec.ny.gov.etrack.permit.service.impl.ProjectServiceTest" time="0.004"/>
  <testcase name="testUpdateDocumentReviewerCompletionDetailsThrowsBREForInvalidCorrespondenceId" classname="dec.ny.gov.etrack.permit.service.impl.ProjectServiceTest" time="0.003"/>
  <testcase name="testRejectProjectValidationRevertsProjectToDataEntry" classname="dec.ny.gov.etrack.permit.service.impl.ProjectServiceTest" time="0.004"/>
  <testcase name="testSaveDIMSRDetailsMapsRequestDataCorrectly" classname="dec.ny.gov.etrack.permit.service.impl.ProjectServiceTest" time="0.006"/>
  <testcase name="testGetProjectPermitStatusThrowsDNFEForNoProjectActivitiesInDataEntryMode" classname="dec.ny.gov.etrack.permit.service.impl.ProjectServiceTest" time="0.004"/>
  <testcase name="testStoreProjectInfoSavesAllProjectResidentials" classname="dec.ny.gov.etrack.permit.service.impl.ProjectServiceTest" time="0.004"/>
  <testcase name="testSaveDIMSRDetailsThrowsETrackPermitExceptionForErrorWhileUploadingToDART2" classname="dec.ny.gov.etrack.permit.service.impl.ProjectServiceTest" time="0.006"/>
  <testcase name="testUpdateProjectWithValidatedProject" classname="dec.ny.gov.etrack.permit.service.impl.ProjectServiceTest" time="0.003"/>
  <testcase name="testUpdateProjectThrowsDNFEFForNullFacilityEntity" classname="dec.ny.gov.etrack.permit.service.impl.ProjectServiceTest" time="0.002"/>
  <testcase name="testAddSupportDocumentSavesProjectActivity" classname="dec.ny.gov.etrack.permit.service.impl.ProjectServiceTest" time="0.003"/>
  <testcase name="saveNewFacilityAndProject" classname="dec.ny.gov.etrack.permit.service.impl.ProjectServiceTest" time="0.002"/>
  <testcase name="testUpdateDocumentReviewerDetailsThrowsDataNotFoundExceptionForInvalidUserId" classname="dec.ny.gov.etrack.permit.service.impl.ProjectServiceTest" time="0.003"/>
  <testcase name="testGetProjectPermitStatusMapsTaskStatusCorrectlyInDataEntryMode" classname="dec.ny.gov.etrack.permit.service.impl.ProjectServiceTest" time="0.003"/>
  <testcase name="testSubmitProjectThrowsBREForIncompleteProject" classname="dec.ny.gov.etrack.permit.service.impl.ProjectServiceTest" time="0.004"/>
  <testcase name="testUpdateSignatureReceivedCallsProjectRepoToUpdateSignature" classname="dec.ny.gov.etrack.permit.service.impl.ProjectServiceTest" time="0.002"/>
  <testcase name="testUpdateDocumentReviewerDetailsThrowsBREForInvalidDates" classname="dec.ny.gov.etrack.permit.service.impl.ProjectServiceTest" time="0.004"/>
  <testcase name="testSaveDIMSRDetailsThrowsBREForInvalidDIMSRRequest" classname="dec.ny.gov.etrack.permit.service.impl.ProjectServiceTest" time="0.004"/>
  <testcase name="testSubmitProjectThrowsBREForRejectedProject" classname="dec.ny.gov.etrack.permit.service.impl.ProjectServiceTest" time="0.003"/>
  <testcase name="testUpdateProjectThrowsBREForNullFacility" classname="dec.ny.gov.etrack.permit.service.impl.ProjectServiceTest" time="0.004"/>
  <testcase name="testRetrieveProjectDetailBadRequestException2" classname="dec.ny.gov.etrack.permit.service.impl.ProjectServiceTest" time="0.003"/>
  <testcase name="testGetProjectPermitStatusMapsTaskStatusCorrectlyForPermitSummaryValInValidateMode" classname="dec.ny.gov.etrack.permit.service.impl.ProjectServiceTest" time="0.004"/>
  <testcase name="testRetrieveProjectDetailETrackPermitException" classname="dec.ny.gov.etrack.permit.service.impl.ProjectServiceTest" time="0.004"/>
  <testcase name="testRetrieveProjectDetailBadRequestException" classname="dec.ny.gov.etrack.permit.service.impl.ProjectServiceTest" time="0.004"/>
  <testcase name="testUploadGISApprovedPolygonToEFind" classname="dec.ny.gov.etrack.permit.service.impl.ProjectServiceTest" time="0.004"/>
  <testcase name="testStoreProjectInfoThrowsBREForInvalidProjectId" classname="dec.ny.gov.etrack.permit.service.impl.ProjectServiceTest" time="0.004"/>
  <testcase name="testUpdateDocumentReviewerDetailsCorrectlyMapsToAndFromEmailAddresses" classname="dec.ny.gov.etrack.permit.service.impl.ProjectServiceTest" time="0.005"/>
  <testcase name="testUpdateProjectAssignmentSavesProjectAlert" classname="dec.ny.gov.etrack.permit.service.impl.ProjectServiceTest" time="0.005"/>
  <testcase name="testUpdateDocumentReviewerDetailsSavesDocumentReviewWhenReviewerHasDocumentIds" classname="dec.ny.gov.etrack.permit.service.impl.ProjectServiceTest" time="0.006"/>
  <testcase name="testUpdateDocumentReviewerCompletionDetailsThrowsBREForInvalidReviewerId" classname="dec.ny.gov.etrack.permit.service.impl.ProjectServiceTest" time="0.002"/>
  <testcase name="testStoreProjectInfo" classname="dec.ny.gov.etrack.permit.service.impl.ProjectServiceTest" time="0.005"/>
  <testcase name="testStoreProjectInfoUpdatesProjectInfo" classname="dec.ny.gov.etrack.permit.service.impl.ProjectServiceTest" time="0.003"/>
  <testcase name="testSaveDIMSRDetailsThrowsETrackPermitExceptionForErrorWhileUploadingToDART" classname="dec.ny.gov.etrack.permit.service.impl.ProjectServiceTest" time="0.005"/>
  <testcase name="testUpdateProjectSavesNewProjectActivityOneException" classname="dec.ny.gov.etrack.permit.service.impl.ProjectServiceTest" time="0.005"/>
  <testcase name="testUploadProjectDetailsToEnterpriseThrowsNoExceptions" classname="dec.ny.gov.etrack.permit.service.impl.ProjectServiceTest" time="0.008"/>
  <testcase name="testStoreProjectInfoDeletesAllProjectResidentials" classname="dec.ny.gov.etrack.permit.service.impl.ProjectServiceTest" time="0.006"/>
  <testcase name="testUpdateDocumentReviewerCompletionDetailsMakesCallToDMS" classname="dec.ny.gov.etrack.permit.service.impl.ProjectServiceTest" time="0.006">
    <error type="java.lang.NullPointerException">java.lang.NullPointerException
	at dec.ny.gov.etrack.permit.service.impl.ProjectServiceTest.testUpdateDocumentReviewerCompletionDetailsMakesCallToDMS(ProjectServiceTest.java:927)
</error>
    <system-out><![CDATA[10:13:14.731 [main] DEBUG org.springframework.test.annotation.ProfileValueUtils - Retrieved @ProfileValueSourceConfiguration [null] for test class [dec.ny.gov.etrack.permit.service.impl.ProjectServiceTest]
10:13:14.731 [main] DEBUG org.springframework.test.annotation.ProfileValueUtils - Retrieved ProfileValueSource type [class org.springframework.test.annotation.SystemProfileValueSource] for class [dec.ny.gov.etrack.permit.service.impl.ProjectServiceTest]
10:13:14.734 [main] DEBUG org.springframework.test.context.support.DependencyInjectionTestExecutionListener - Performing dependency injection for test context [[DefaultTestContext@3f4515a9 testClass = ProjectServiceTest, testInstance = dec.ny.gov.etrack.permit.service.impl.ProjectServiceTest@691d85be, testMethod = [null], testException = [null], mergedContextConfiguration = [MergedContextConfiguration@1cdb11ff testClass = ProjectServiceTest, locations = '{}', classes = '{}', contextInitializerClasses = '[]', activeProfiles = '{}', propertySourceLocations = '{}', propertySourceProperties = '{}', contextCustomizers = set[org.springframework.boot.test.context.filter.ExcludeFilterContextCustomizer@17947e6d, org.springframework.boot.test.json.DuplicateJsonObjectContextCustomizerFactory$DuplicateJsonObjectContextCustomizer@11eed657, org.springframework.boot.test.mock.mockito.MockitoContextCustomizer@0, org.springframework.boot.test.autoconfigure.properties.PropertyMappingContextCustomizer@0, org.springframework.boot.test.autoconfigure.web.servlet.WebDriverContextCustomizerFactory$Customizer@542f6803], contextLoader = 'org.springframework.test.context.support.DelegatingSmartContextLoader', parent = [null]], attributes = map[[empty]]]].
10:13:14.734 [main] DEBUG org.springframework.test.context.cache.DefaultCacheAwareContextLoaderDelegate - Retrieved ApplicationContext [1534365740] from cache with key [[MergedContextConfiguration@1cdb11ff testClass = ProjectServiceTest, locations = '{}', classes = '{}', contextInitializerClasses = '[]', activeProfiles = '{}', propertySourceLocations = '{}', propertySourceProperties = '{}', contextCustomizers = set[org.springframework.boot.test.context.filter.ExcludeFilterContextCustomizer@17947e6d, org.springframework.boot.test.json.DuplicateJsonObjectContextCustomizerFactory$DuplicateJsonObjectContextCustomizer@11eed657, org.springframework.boot.test.mock.mockito.MockitoContextCustomizer@0, org.springframework.boot.test.autoconfigure.properties.PropertyMappingContextCustomizer@0, org.springframework.boot.test.autoconfigure.web.servlet.WebDriverContextCustomizerFactory$Customizer@542f6803], contextLoader = 'org.springframework.test.context.support.DelegatingSmartContextLoader', parent = [null]]]
10:13:14.734 [main] DEBUG org.springframework.test.context.cache - Spring test ApplicationContext cache statistics: [DefaultContextCache@51c15508 size = 1, maxSize = 32, parentContextCount = 0, hitCount = 3989, missCount = 1]
10:13:14.734 [main] DEBUG org.springframework.test.context.cache.DefaultCacheAwareContextLoaderDelegate - Retrieved ApplicationContext [1534365740] from cache with key [[MergedContextConfiguration@1cdb11ff testClass = ProjectServiceTest, locations = '{}', classes = '{}', contextInitializerClasses = '[]', activeProfiles = '{}', propertySourceLocations = '{}', propertySourceProperties = '{}', contextCustomizers = set[org.springframework.boot.test.context.filter.ExcludeFilterContextCustomizer@17947e6d, org.springframework.boot.test.json.DuplicateJsonObjectContextCustomizerFactory$DuplicateJsonObjectContextCustomizer@11eed657, org.springframework.boot.test.mock.mockito.MockitoContextCustomizer@0, org.springframework.boot.test.autoconfigure.properties.PropertyMappingContextCustomizer@0, org.springframework.boot.test.autoconfigure.web.servlet.WebDriverContextCustomizerFactory$Customizer@542f6803], contextLoader = 'org.springframework.test.context.support.DelegatingSmartContextLoader', parent = [null]]]
10:13:14.734 [main] DEBUG org.springframework.test.context.cache - Spring test ApplicationContext cache statistics: [DefaultContextCache@51c15508 size = 1, maxSize = 32, parentContextCount = 0, hitCount = 3990, missCount = 1]
10:13:14.735 [main] DEBUG org.springframework.test.context.support.AbstractDirtiesContextTestExecutionListener - Before test method: context [DefaultTestContext@3f4515a9 testClass = ProjectServiceTest, testInstance = dec.ny.gov.etrack.permit.service.impl.ProjectServiceTest@691d85be, testMethod = testUpdateDocumentReviewerCompletionDetailsMakesCallToDMS@ProjectServiceTest, testException = [null], mergedContextConfiguration = [MergedContextConfiguration@1cdb11ff testClass = ProjectServiceTest, locations = '{}', classes = '{}', contextInitializerClasses = '[]', activeProfiles = '{}', propertySourceLocations = '{}', propertySourceProperties = '{}', contextCustomizers = set[org.springframework.boot.test.context.filter.ExcludeFilterContextCustomizer@17947e6d, org.springframework.boot.test.json.DuplicateJsonObjectContextCustomizerFactory$DuplicateJsonObjectContextCustomizer@11eed657, org.springframework.boot.test.mock.mockito.MockitoContextCustomizer@0, org.springframework.boot.test.autoconfigure.properties.PropertyMappingContextCustomizer@0, org.springframework.boot.test.autoconfigure.web.servlet.WebDriverContextCustomizerFactory$Customizer@542f6803], contextLoader = 'org.springframework.test.context.support.DelegatingSmartContextLoader', parent = [null]], attributes = map[[empty]]], class annotated with @DirtiesContext [false] with mode [null], method annotated with @DirtiesContext [false] with mode [null].
10:13:14.735 [main] DEBUG org.springframework.test.context.cache.DefaultCacheAwareContextLoaderDelegate - Retrieved ApplicationContext [1534365740] from cache with key [[MergedContextConfiguration@1cdb11ff testClass = ProjectServiceTest, locations = '{}', classes = '{}', contextInitializerClasses = '[]', activeProfiles = '{}', propertySourceLocations = '{}', propertySourceProperties = '{}', contextCustomizers = set[org.springframework.boot.test.context.filter.ExcludeFilterContextCustomizer@17947e6d, org.springframework.boot.test.json.DuplicateJsonObjectContextCustomizerFactory$DuplicateJsonObjectContextCustomizer@11eed657, org.springframework.boot.test.mock.mockito.MockitoContextCustomizer@0, org.springframework.boot.test.autoconfigure.properties.PropertyMappingContextCustomizer@0, org.springframework.boot.test.autoconfigure.web.servlet.WebDriverContextCustomizerFactory$Customizer@542f6803], contextLoader = 'org.springframework.test.context.support.DelegatingSmartContextLoader', parent = [null]]]
10:13:14.735 [main] DEBUG org.springframework.test.context.cache - Spring test ApplicationContext cache statistics: [DefaultContextCache@51c15508 size = 1, maxSize = 32, parentContextCount = 0, hitCount = 3991, missCount = 1]
10:13:14.735 [main] DEBUG org.springframework.test.context.cache.DefaultCacheAwareContextLoaderDelegate - Retrieved ApplicationContext [1534365740] from cache with key [[MergedContextConfiguration@1cdb11ff testClass = ProjectServiceTest, locations = '{}', classes = '{}', contextInitializerClasses = '[]', activeProfiles = '{}', propertySourceLocations = '{}', propertySourceProperties = '{}', contextCustomizers = set[org.springframework.boot.test.context.filter.ExcludeFilterContextCustomizer@17947e6d, org.springframework.boot.test.json.DuplicateJsonObjectContextCustomizerFactory$DuplicateJsonObjectContextCustomizer@11eed657, org.springframework.boot.test.mock.mockito.MockitoContextCustomizer@0, org.springframework.boot.test.autoconfigure.properties.PropertyMappingContextCustomizer@0, org.springframework.boot.test.autoconfigure.web.servlet.WebDriverContextCustomizerFactory$Customizer@542f6803], contextLoader = 'org.springframework.test.context.support.DelegatingSmartContextLoader', parent = [null]]]
10:13:14.735 [main] DEBUG org.springframework.test.context.cache - Spring test ApplicationContext cache statistics: [DefaultContextCache@51c15508 size = 1, maxSize = 32, parentContextCount = 0, hitCount = 3992, missCount = 1]
10:13:14.736 [main] DEBUG org.springframework.test.context.cache.DefaultCacheAwareContextLoaderDelegate - Retrieved ApplicationContext [1534365740] from cache with key [[MergedContextConfiguration@1cdb11ff testClass = ProjectServiceTest, locations = '{}', classes = '{}', contextInitializerClasses = '[]', activeProfiles = '{}', propertySourceLocations = '{}', propertySourceProperties = '{}', contextCustomizers = set[org.springframework.boot.test.context.filter.ExcludeFilterContextCustomizer@17947e6d, org.springframework.boot.test.json.DuplicateJsonObjectContextCustomizerFactory$DuplicateJsonObjectContextCustomizer@11eed657, org.springframework.boot.test.mock.mockito.MockitoContextCustomizer@0, org.springframework.boot.test.autoconfigure.properties.PropertyMappingContextCustomizer@0, org.springframework.boot.test.autoconfigure.web.servlet.WebDriverContextCustomizerFactory$Customizer@542f6803], contextLoader = 'org.springframework.test.context.support.DelegatingSmartContextLoader', parent = [null]]]
10:13:14.736 [main] DEBUG org.springframework.test.context.cache - Spring test ApplicationContext cache statistics: [DefaultContextCache@51c15508 size = 1, maxSize = 32, parentContextCount = 0, hitCount = 3993, missCount = 1]
10:13:14.737 [main] INFO dec.ny.gov.etrack.permit.service.impl.ProjectServiceImpl - Setting this review as complete. Upload the correspondence document into DMS User Id jxpuvoge, Context Id context1234
10:13:14.738 [main] DEBUG org.springframework.test.context.cache.DefaultCacheAwareContextLoaderDelegate - Retrieved ApplicationContext [1534365740] from cache with key [[MergedContextConfiguration@1cdb11ff testClass = ProjectServiceTest, locations = '{}', classes = '{}', contextInitializerClasses = '[]', activeProfiles = '{}', propertySourceLocations = '{}', propertySourceProperties = '{}', contextCustomizers = set[org.springframework.boot.test.context.filter.ExcludeFilterContextCustomizer@17947e6d, org.springframework.boot.test.json.DuplicateJsonObjectContextCustomizerFactory$DuplicateJsonObjectContextCustomizer@11eed657, org.springframework.boot.test.mock.mockito.MockitoContextCustomizer@0, org.springframework.boot.test.autoconfigure.properties.PropertyMappingContextCustomizer@0, org.springframework.boot.test.autoconfigure.web.servlet.WebDriverContextCustomizerFactory$Customizer@542f6803], contextLoader = 'org.springframework.test.context.support.DelegatingSmartContextLoader', parent = [null]]]
10:13:14.738 [main] DEBUG org.springframework.test.context.cache - Spring test ApplicationContext cache statistics: [DefaultContextCache@51c15508 size = 1, maxSize = 32, parentContextCount = 0, hitCount = 3994, missCount = 1]
10:13:14.738 [main] DEBUG org.springframework.test.context.cache.DefaultCacheAwareContextLoaderDelegate - Retrieved ApplicationContext [1534365740] from cache with key [[MergedContextConfiguration@1cdb11ff testClass = ProjectServiceTest, locations = '{}', classes = '{}', contextInitializerClasses = '[]', activeProfiles = '{}', propertySourceLocations = '{}', propertySourceProperties = '{}', contextCustomizers = set[org.springframework.boot.test.context.filter.ExcludeFilterContextCustomizer@17947e6d, org.springframework.boot.test.json.DuplicateJsonObjectContextCustomizerFactory$DuplicateJsonObjectContextCustomizer@11eed657, org.springframework.boot.test.mock.mockito.MockitoContextCustomizer@0, org.springframework.boot.test.autoconfigure.properties.PropertyMappingContextCustomizer@0, org.springframework.boot.test.autoconfigure.web.servlet.WebDriverContextCustomizerFactory$Customizer@542f6803], contextLoader = 'org.springframework.test.context.support.DelegatingSmartContextLoader', parent = [null]]]
10:13:14.738 [main] DEBUG org.springframework.test.context.cache - Spring test ApplicationContext cache statistics: [DefaultContextCache@51c15508 size = 1, maxSize = 32, parentContextCount = 0, hitCount = 3995, missCount = 1]
10:13:14.738 [main] DEBUG org.springframework.test.context.cache.DefaultCacheAwareContextLoaderDelegate - Retrieved ApplicationContext [1534365740] from cache with key [[MergedContextConfiguration@1cdb11ff testClass = ProjectServiceTest, locations = '{}', classes = '{}', contextInitializerClasses = '[]', activeProfiles = '{}', propertySourceLocations = '{}', propertySourceProperties = '{}', contextCustomizers = set[org.springframework.boot.test.context.filter.ExcludeFilterContextCustomizer@17947e6d, org.springframework.boot.test.json.DuplicateJsonObjectContextCustomizerFactory$DuplicateJsonObjectContextCustomizer@11eed657, org.springframework.boot.test.mock.mockito.MockitoContextCustomizer@0, org.springframework.boot.test.autoconfigure.properties.PropertyMappingContextCustomizer@0, org.springframework.boot.test.autoconfigure.web.servlet.WebDriverContextCustomizerFactory$Customizer@542f6803], contextLoader = 'org.springframework.test.context.support.DelegatingSmartContextLoader', parent = [null]]]
10:13:14.738 [main] DEBUG org.springframework.test.context.cache - Spring test ApplicationContext cache statistics: [DefaultContextCache@51c15508 size = 1, maxSize = 32, parentContextCount = 0, hitCount = 3996, missCount = 1]
10:13:14.739 [main] DEBUG org.springframework.test.context.cache.DefaultCacheAwareContextLoaderDelegate - Retrieved ApplicationContext [1534365740] from cache with key [[MergedContextConfiguration@1cdb11ff testClass = ProjectServiceTest, locations = '{}', classes = '{}', contextInitializerClasses = '[]', activeProfiles = '{}', propertySourceLocations = '{}', propertySourceProperties = '{}', contextCustomizers = set[org.springframework.boot.test.context.filter.ExcludeFilterContextCustomizer@17947e6d, org.springframework.boot.test.json.DuplicateJsonObjectContextCustomizerFactory$DuplicateJsonObjectContextCustomizer@11eed657, org.springframework.boot.test.mock.mockito.MockitoContextCustomizer@0, org.springframework.boot.test.autoconfigure.properties.PropertyMappingContextCustomizer@0, org.springframework.boot.test.autoconfigure.web.servlet.WebDriverContextCustomizerFactory$Customizer@542f6803], contextLoader = 'org.springframework.test.context.support.DelegatingSmartContextLoader', parent = [null]]]
10:13:14.739 [main] DEBUG org.springframework.test.context.cache - Spring test ApplicationContext cache statistics: [DefaultContextCache@51c15508 size = 1, maxSize = 32, parentContextCount = 0, hitCount = 3997, missCount = 1]
10:13:14.740 [main] DEBUG org.springframework.test.context.cache.DefaultCacheAwareContextLoaderDelegate - Retrieved ApplicationContext [1534365740] from cache with key [[MergedContextConfiguration@1cdb11ff testClass = ProjectServiceTest, locations = '{}', classes = '{}', contextInitializerClasses = '[]', activeProfiles = '{}', propertySourceLocations = '{}', propertySourceProperties = '{}', contextCustomizers = set[org.springframework.boot.test.context.filter.ExcludeFilterContextCustomizer@17947e6d, org.springframework.boot.test.json.DuplicateJsonObjectContextCustomizerFactory$DuplicateJsonObjectContextCustomizer@11eed657, org.springframework.boot.test.mock.mockito.MockitoContextCustomizer@0, org.springframework.boot.test.autoconfigure.properties.PropertyMappingContextCustomizer@0, org.springframework.boot.test.autoconfigure.web.servlet.WebDriverContextCustomizerFactory$Customizer@542f6803], contextLoader = 'org.springframework.test.context.support.DelegatingSmartContextLoader', parent = [null]]]
10:13:14.740 [main] DEBUG org.springframework.test.context.cache - Spring test ApplicationContext cache statistics: [DefaultContextCache@51c15508 size = 1, maxSize = 32, parentContextCount = 0, hitCount = 3998, missCount = 1]
10:13:14.740 [main] DEBUG org.springframework.test.context.cache.DefaultCacheAwareContextLoaderDelegate - Retrieved ApplicationContext [1534365740] from cache with key [[MergedContextConfiguration@1cdb11ff testClass = ProjectServiceTest, locations = '{}', classes = '{}', contextInitializerClasses = '[]', activeProfiles = '{}', propertySourceLocations = '{}', propertySourceProperties = '{}', contextCustomizers = set[org.springframework.boot.test.context.filter.ExcludeFilterContextCustomizer@17947e6d, org.springframework.boot.test.json.DuplicateJsonObjectContextCustomizerFactory$DuplicateJsonObjectContextCustomizer@11eed657, org.springframework.boot.test.mock.mockito.MockitoContextCustomizer@0, org.springframework.boot.test.autoconfigure.properties.PropertyMappingContextCustomizer@0, org.springframework.boot.test.autoconfigure.web.servlet.WebDriverContextCustomizerFactory$Customizer@542f6803], contextLoader = 'org.springframework.test.context.support.DelegatingSmartContextLoader', parent = [null]]]
10:13:14.740 [main] DEBUG org.springframework.test.context.cache - Spring test ApplicationContext cache statistics: [DefaultContextCache@51c15508 size = 1, maxSize = 32, parentContextCount = 0, hitCount = 3999, missCount = 1]
10:13:14.740 [main] DEBUG org.springframework.test.context.support.AbstractDirtiesContextTestExecutionListener - After test method: context [DefaultTestContext@3f4515a9 testClass = ProjectServiceTest, testInstance = dec.ny.gov.etrack.permit.service.impl.ProjectServiceTest@691d85be, testMethod = testUpdateDocumentReviewerCompletionDetailsMakesCallToDMS@ProjectServiceTest, testException = java.lang.NullPointerException, mergedContextConfiguration = [MergedContextConfiguration@1cdb11ff testClass = ProjectServiceTest, locations = '{}', classes = '{}', contextInitializerClasses = '[]', activeProfiles = '{}', propertySourceLocations = '{}', propertySourceProperties = '{}', contextCustomizers = set[org.springframework.boot.test.context.filter.ExcludeFilterContextCustomizer@17947e6d, org.springframework.boot.test.json.DuplicateJsonObjectContextCustomizerFactory$DuplicateJsonObjectContextCustomizer@11eed657, org.springframework.boot.test.mock.mockito.MockitoContextCustomizer@0, org.springframework.boot.test.autoconfigure.properties.PropertyMappingContextCustomizer@0, org.springframework.boot.test.autoconfigure.web.servlet.WebDriverContextCustomizerFactory$Customizer@542f6803], contextLoader = 'org.springframework.test.context.support.DelegatingSmartContextLoader', parent = [null]], attributes = map[[empty]]], class annotated with @DirtiesContext [false] with mode [null], method annotated with @DirtiesContext [false] with mode [null].
]]></system-out>
  </testcase>
  <testcase name="testSubmitProjectSavesProjectNoteForSubmittedProject" classname="dec.ny.gov.etrack.permit.service.impl.ProjectServiceTest" time="0.006"/>
  <testcase name="testSubmitProjectThrowsBREForInvalidProjectId" classname="dec.ny.gov.etrack.permit.service.impl.ProjectServiceTest" time="0.003"/>
  <testcase name="testSaveProjectWithNewFacility" classname="dec.ny.gov.etrack.permit.service.impl.ProjectServiceTest" time="0.003"/>
  <testcase name="testGetProjectPermitStatusMapsTaskStatusCorrectlyForSupportDocValInValidateMode" classname="dec.ny.gov.etrack.permit.service.impl.ProjectServiceTest" time="0.005"/>
  <testcase name="testSaveProjectThrowsBREForInvalidRecvdDate" classname="dec.ny.gov.etrack.permit.service.impl.ProjectServiceTest" time="0.004"/>
  <testcase name="testDeleteProjectsCallsDAOToDeleteProject" classname="dec.ny.gov.etrack.permit.service.impl.ProjectServiceTest" time="0.005">
    <error message="java.lang.NullPointerException" type="dec.ny.gov.etrack.permit.exception.ETrackPermitException">dec.ny.gov.etrack.permit.exception.ETrackPermitException: java.lang.NullPointerException
	at dec.ny.gov.etrack.permit.service.impl.ProjectServiceTest.testDeleteProjectsCallsDAOToDeleteProject(ProjectServiceTest.java:655)
Caused by: java.lang.NullPointerException
	at dec.ny.gov.etrack.permit.service.impl.ProjectServiceTest.testDeleteProjectsCallsDAOToDeleteProject(ProjectServiceTest.java:655)
</error>
    <system-out><![CDATA[10:13:14.775 [main] DEBUG org.springframework.test.annotation.ProfileValueUtils - Retrieved @ProfileValueSourceConfiguration [null] for test class [dec.ny.gov.etrack.permit.service.impl.ProjectServiceTest]
10:13:14.775 [main] DEBUG org.springframework.test.annotation.ProfileValueUtils - Retrieved ProfileValueSource type [class org.springframework.test.annotation.SystemProfileValueSource] for class [dec.ny.gov.etrack.permit.service.impl.ProjectServiceTest]
10:13:14.776 [main] DEBUG org.springframework.test.context.support.DependencyInjectionTestExecutionListener - Performing dependency injection for test context [[DefaultTestContext@3f4515a9 testClass = ProjectServiceTest, testInstance = dec.ny.gov.etrack.permit.service.impl.ProjectServiceTest@72bf1f93, testMethod = [null], testException = [null], mergedContextConfiguration = [MergedContextConfiguration@1cdb11ff testClass = ProjectServiceTest, locations = '{}', classes = '{}', contextInitializerClasses = '[]', activeProfiles = '{}', propertySourceLocations = '{}', propertySourceProperties = '{}', contextCustomizers = set[org.springframework.boot.test.context.filter.ExcludeFilterContextCustomizer@17947e6d, org.springframework.boot.test.json.DuplicateJsonObjectContextCustomizerFactory$DuplicateJsonObjectContextCustomizer@11eed657, org.springframework.boot.test.mock.mockito.MockitoContextCustomizer@0, org.springframework.boot.test.autoconfigure.properties.PropertyMappingContextCustomizer@0, org.springframework.boot.test.autoconfigure.web.servlet.WebDriverContextCustomizerFactory$Customizer@542f6803], contextLoader = 'org.springframework.test.context.support.DelegatingSmartContextLoader', parent = [null]], attributes = map[[empty]]]].
10:13:14.776 [main] DEBUG org.springframework.test.context.cache.DefaultCacheAwareContextLoaderDelegate - Retrieved ApplicationContext [1534365740] from cache with key [[MergedContextConfiguration@1cdb11ff testClass = ProjectServiceTest, locations = '{}', classes = '{}', contextInitializerClasses = '[]', activeProfiles = '{}', propertySourceLocations = '{}', propertySourceProperties = '{}', contextCustomizers = set[org.springframework.boot.test.context.filter.ExcludeFilterContextCustomizer@17947e6d, org.springframework.boot.test.json.DuplicateJsonObjectContextCustomizerFactory$DuplicateJsonObjectContextCustomizer@11eed657, org.springframework.boot.test.mock.mockito.MockitoContextCustomizer@0, org.springframework.boot.test.autoconfigure.properties.PropertyMappingContextCustomizer@0, org.springframework.boot.test.autoconfigure.web.servlet.WebDriverContextCustomizerFactory$Customizer@542f6803], contextLoader = 'org.springframework.test.context.support.DelegatingSmartContextLoader', parent = [null]]]
10:13:14.776 [main] DEBUG org.springframework.test.context.cache - Spring test ApplicationContext cache statistics: [DefaultContextCache@51c15508 size = 1, maxSize = 32, parentContextCount = 0, hitCount = 4055, missCount = 1]
10:13:14.776 [main] DEBUG org.springframework.test.context.cache.DefaultCacheAwareContextLoaderDelegate - Retrieved ApplicationContext [1534365740] from cache with key [[MergedContextConfiguration@1cdb11ff testClass = ProjectServiceTest, locations = '{}', classes = '{}', contextInitializerClasses = '[]', activeProfiles = '{}', propertySourceLocations = '{}', propertySourceProperties = '{}', contextCustomizers = set[org.springframework.boot.test.context.filter.ExcludeFilterContextCustomizer@17947e6d, org.springframework.boot.test.json.DuplicateJsonObjectContextCustomizerFactory$DuplicateJsonObjectContextCustomizer@11eed657, org.springframework.boot.test.mock.mockito.MockitoContextCustomizer@0, org.springframework.boot.test.autoconfigure.properties.PropertyMappingContextCustomizer@0, org.springframework.boot.test.autoconfigure.web.servlet.WebDriverContextCustomizerFactory$Customizer@542f6803], contextLoader = 'org.springframework.test.context.support.DelegatingSmartContextLoader', parent = [null]]]
10:13:14.776 [main] DEBUG org.springframework.test.context.cache - Spring test ApplicationContext cache statistics: [DefaultContextCache@51c15508 size = 1, maxSize = 32, parentContextCount = 0, hitCount = 4056, missCount = 1]
10:13:14.777 [main] DEBUG org.springframework.test.context.support.AbstractDirtiesContextTestExecutionListener - Before test method: context [DefaultTestContext@3f4515a9 testClass = ProjectServiceTest, testInstance = dec.ny.gov.etrack.permit.service.impl.ProjectServiceTest@72bf1f93, testMethod = testDeleteProjectsCallsDAOToDeleteProject@ProjectServiceTest, testException = [null], mergedContextConfiguration = [MergedContextConfiguration@1cdb11ff testClass = ProjectServiceTest, locations = '{}', classes = '{}', contextInitializerClasses = '[]', activeProfiles = '{}', propertySourceLocations = '{}', propertySourceProperties = '{}', contextCustomizers = set[org.springframework.boot.test.context.filter.ExcludeFilterContextCustomizer@17947e6d, org.springframework.boot.test.json.DuplicateJsonObjectContextCustomizerFactory$DuplicateJsonObjectContextCustomizer@11eed657, org.springframework.boot.test.mock.mockito.MockitoContextCustomizer@0, org.springframework.boot.test.autoconfigure.properties.PropertyMappingContextCustomizer@0, org.springframework.boot.test.autoconfigure.web.servlet.WebDriverContextCustomizerFactory$Customizer@542f6803], contextLoader = 'org.springframework.test.context.support.DelegatingSmartContextLoader', parent = [null]], attributes = map[[empty]]], class annotated with @DirtiesContext [false] with mode [null], method annotated with @DirtiesContext [false] with mode [null].
10:13:14.777 [main] DEBUG org.springframework.test.context.cache.DefaultCacheAwareContextLoaderDelegate - Retrieved ApplicationContext [1534365740] from cache with key [[MergedContextConfiguration@1cdb11ff testClass = ProjectServiceTest, locations = '{}', classes = '{}', contextInitializerClasses = '[]', activeProfiles = '{}', propertySourceLocations = '{}', propertySourceProperties = '{}', contextCustomizers = set[org.springframework.boot.test.context.filter.ExcludeFilterContextCustomizer@17947e6d, org.springframework.boot.test.json.DuplicateJsonObjectContextCustomizerFactory$DuplicateJsonObjectContextCustomizer@11eed657, org.springframework.boot.test.mock.mockito.MockitoContextCustomizer@0, org.springframework.boot.test.autoconfigure.properties.PropertyMappingContextCustomizer@0, org.springframework.boot.test.autoconfigure.web.servlet.WebDriverContextCustomizerFactory$Customizer@542f6803], contextLoader = 'org.springframework.test.context.support.DelegatingSmartContextLoader', parent = [null]]]
10:13:14.777 [main] DEBUG org.springframework.test.context.cache - Spring test ApplicationContext cache statistics: [DefaultContextCache@51c15508 size = 1, maxSize = 32, parentContextCount = 0, hitCount = 4057, missCount = 1]
10:13:14.777 [main] DEBUG org.springframework.test.context.cache.DefaultCacheAwareContextLoaderDelegate - Retrieved ApplicationContext [1534365740] from cache with key [[MergedContextConfiguration@1cdb11ff testClass = ProjectServiceTest, locations = '{}', classes = '{}', contextInitializerClasses = '[]', activeProfiles = '{}', propertySourceLocations = '{}', propertySourceProperties = '{}', contextCustomizers = set[org.springframework.boot.test.context.filter.ExcludeFilterContextCustomizer@17947e6d, org.springframework.boot.test.json.DuplicateJsonObjectContextCustomizerFactory$DuplicateJsonObjectContextCustomizer@11eed657, org.springframework.boot.test.mock.mockito.MockitoContextCustomizer@0, org.springframework.boot.test.autoconfigure.properties.PropertyMappingContextCustomizer@0, org.springframework.boot.test.autoconfigure.web.servlet.WebDriverContextCustomizerFactory$Customizer@542f6803], contextLoader = 'org.springframework.test.context.support.DelegatingSmartContextLoader', parent = [null]]]
10:13:14.777 [main] DEBUG org.springframework.test.context.cache - Spring test ApplicationContext cache statistics: [DefaultContextCache@51c15508 size = 1, maxSize = 32, parentContextCount = 0, hitCount = 4058, missCount = 1]
10:13:14.778 [main] DEBUG org.springframework.test.context.cache.DefaultCacheAwareContextLoaderDelegate - Retrieved ApplicationContext [1534365740] from cache with key [[MergedContextConfiguration@1cdb11ff testClass = ProjectServiceTest, locations = '{}', classes = '{}', contextInitializerClasses = '[]', activeProfiles = '{}', propertySourceLocations = '{}', propertySourceProperties = '{}', contextCustomizers = set[org.springframework.boot.test.context.filter.ExcludeFilterContextCustomizer@17947e6d, org.springframework.boot.test.json.DuplicateJsonObjectContextCustomizerFactory$DuplicateJsonObjectContextCustomizer@11eed657, org.springframework.boot.test.mock.mockito.MockitoContextCustomizer@0, org.springframework.boot.test.autoconfigure.properties.PropertyMappingContextCustomizer@0, org.springframework.boot.test.autoconfigure.web.servlet.WebDriverContextCustomizerFactory$Customizer@542f6803], contextLoader = 'org.springframework.test.context.support.DelegatingSmartContextLoader', parent = [null]]]
10:13:14.778 [main] DEBUG org.springframework.test.context.cache - Spring test ApplicationContext cache statistics: [DefaultContextCache@51c15508 size = 1, maxSize = 32, parentContextCount = 0, hitCount = 4059, missCount = 1]
10:13:14.778 [main] INFO dec.ny.gov.etrack.permit.service.impl.ProjectServiceImpl - Entering into delete project User Id: jxpuvoge, Context Id: context1234
10:13:14.778 [main] INFO dec.ny.gov.etrack.permit.service.impl.ProjectServiceImpl - Requesting to delete the project 1002 , User Id jxpuvoge, Context Id context1234
10:13:14.779 [main] DEBUG org.springframework.test.context.cache.DefaultCacheAwareContextLoaderDelegate - Retrieved ApplicationContext [1534365740] from cache with key [[MergedContextConfiguration@1cdb11ff testClass = ProjectServiceTest, locations = '{}', classes = '{}', contextInitializerClasses = '[]', activeProfiles = '{}', propertySourceLocations = '{}', propertySourceProperties = '{}', contextCustomizers = set[org.springframework.boot.test.context.filter.ExcludeFilterContextCustomizer@17947e6d, org.springframework.boot.test.json.DuplicateJsonObjectContextCustomizerFactory$DuplicateJsonObjectContextCustomizer@11eed657, org.springframework.boot.test.mock.mockito.MockitoContextCustomizer@0, org.springframework.boot.test.autoconfigure.properties.PropertyMappingContextCustomizer@0, org.springframework.boot.test.autoconfigure.web.servlet.WebDriverContextCustomizerFactory$Customizer@542f6803], contextLoader = 'org.springframework.test.context.support.DelegatingSmartContextLoader', parent = [null]]]
10:13:14.780 [main] DEBUG org.springframework.test.context.cache - Spring test ApplicationContext cache statistics: [DefaultContextCache@51c15508 size = 1, maxSize = 32, parentContextCount = 0, hitCount = 4060, missCount = 1]
10:13:14.780 [main] DEBUG org.springframework.test.context.cache.DefaultCacheAwareContextLoaderDelegate - Retrieved ApplicationContext [1534365740] from cache with key [[MergedContextConfiguration@1cdb11ff testClass = ProjectServiceTest, locations = '{}', classes = '{}', contextInitializerClasses = '[]', activeProfiles = '{}', propertySourceLocations = '{}', propertySourceProperties = '{}', contextCustomizers = set[org.springframework.boot.test.context.filter.ExcludeFilterContextCustomizer@17947e6d, org.springframework.boot.test.json.DuplicateJsonObjectContextCustomizerFactory$DuplicateJsonObjectContextCustomizer@11eed657, org.springframework.boot.test.mock.mockito.MockitoContextCustomizer@0, org.springframework.boot.test.autoconfigure.properties.PropertyMappingContextCustomizer@0, org.springframework.boot.test.autoconfigure.web.servlet.WebDriverContextCustomizerFactory$Customizer@542f6803], contextLoader = 'org.springframework.test.context.support.DelegatingSmartContextLoader', parent = [null]]]
10:13:14.780 [main] DEBUG org.springframework.test.context.cache - Spring test ApplicationContext cache statistics: [DefaultContextCache@51c15508 size = 1, maxSize = 32, parentContextCount = 0, hitCount = 4061, missCount = 1]
10:13:14.780 [main] DEBUG org.springframework.test.context.cache.DefaultCacheAwareContextLoaderDelegate - Retrieved ApplicationContext [1534365740] from cache with key [[MergedContextConfiguration@1cdb11ff testClass = ProjectServiceTest, locations = '{}', classes = '{}', contextInitializerClasses = '[]', activeProfiles = '{}', propertySourceLocations = '{}', propertySourceProperties = '{}', contextCustomizers = set[org.springframework.boot.test.context.filter.ExcludeFilterContextCustomizer@17947e6d, org.springframework.boot.test.json.DuplicateJsonObjectContextCustomizerFactory$DuplicateJsonObjectContextCustomizer@11eed657, org.springframework.boot.test.mock.mockito.MockitoContextCustomizer@0, org.springframework.boot.test.autoconfigure.properties.PropertyMappingContextCustomizer@0, org.springframework.boot.test.autoconfigure.web.servlet.WebDriverContextCustomizerFactory$Customizer@542f6803], contextLoader = 'org.springframework.test.context.support.DelegatingSmartContextLoader', parent = [null]]]
10:13:14.780 [main] DEBUG org.springframework.test.context.cache - Spring test ApplicationContext cache statistics: [DefaultContextCache@51c15508 size = 1, maxSize = 32, parentContextCount = 0, hitCount = 4062, missCount = 1]
10:13:14.780 [main] DEBUG org.springframework.test.context.cache.DefaultCacheAwareContextLoaderDelegate - Retrieved ApplicationContext [1534365740] from cache with key [[MergedContextConfiguration@1cdb11ff testClass = ProjectServiceTest, locations = '{}', classes = '{}', contextInitializerClasses = '[]', activeProfiles = '{}', propertySourceLocations = '{}', propertySourceProperties = '{}', contextCustomizers = set[org.springframework.boot.test.context.filter.ExcludeFilterContextCustomizer@17947e6d, org.springframework.boot.test.json.DuplicateJsonObjectContextCustomizerFactory$DuplicateJsonObjectContextCustomizer@11eed657, org.springframework.boot.test.mock.mockito.MockitoContextCustomizer@0, org.springframework.boot.test.autoconfigure.properties.PropertyMappingContextCustomizer@0, org.springframework.boot.test.autoconfigure.web.servlet.WebDriverContextCustomizerFactory$Customizer@542f6803], contextLoader = 'org.springframework.test.context.support.DelegatingSmartContextLoader', parent = [null]]]
10:13:14.780 [main] DEBUG org.springframework.test.context.cache - Spring test ApplicationContext cache statistics: [DefaultContextCache@51c15508 size = 1, maxSize = 32, parentContextCount = 0, hitCount = 4063, missCount = 1]
10:13:14.781 [main] DEBUG org.springframework.test.context.cache.DefaultCacheAwareContextLoaderDelegate - Retrieved ApplicationContext [1534365740] from cache with key [[MergedContextConfiguration@1cdb11ff testClass = ProjectServiceTest, locations = '{}', classes = '{}', contextInitializerClasses = '[]', activeProfiles = '{}', propertySourceLocations = '{}', propertySourceProperties = '{}', contextCustomizers = set[org.springframework.boot.test.context.filter.ExcludeFilterContextCustomizer@17947e6d, org.springframework.boot.test.json.DuplicateJsonObjectContextCustomizerFactory$DuplicateJsonObjectContextCustomizer@11eed657, org.springframework.boot.test.mock.mockito.MockitoContextCustomizer@0, org.springframework.boot.test.autoconfigure.properties.PropertyMappingContextCustomizer@0, org.springframework.boot.test.autoconfigure.web.servlet.WebDriverContextCustomizerFactory$Customizer@542f6803], contextLoader = 'org.springframework.test.context.support.DelegatingSmartContextLoader', parent = [null]]]
10:13:14.781 [main] DEBUG org.springframework.test.context.cache - Spring test ApplicationContext cache statistics: [DefaultContextCache@51c15508 size = 1, maxSize = 32, parentContextCount = 0, hitCount = 4064, missCount = 1]
10:13:14.781 [main] DEBUG org.springframework.test.context.cache.DefaultCacheAwareContextLoaderDelegate - Retrieved ApplicationContext [1534365740] from cache with key [[MergedContextConfiguration@1cdb11ff testClass = ProjectServiceTest, locations = '{}', classes = '{}', contextInitializerClasses = '[]', activeProfiles = '{}', propertySourceLocations = '{}', propertySourceProperties = '{}', contextCustomizers = set[org.springframework.boot.test.context.filter.ExcludeFilterContextCustomizer@17947e6d, org.springframework.boot.test.json.DuplicateJsonObjectContextCustomizerFactory$DuplicateJsonObjectContextCustomizer@11eed657, org.springframework.boot.test.mock.mockito.MockitoContextCustomizer@0, org.springframework.boot.test.autoconfigure.properties.PropertyMappingContextCustomizer@0, org.springframework.boot.test.autoconfigure.web.servlet.WebDriverContextCustomizerFactory$Customizer@542f6803], contextLoader = 'org.springframework.test.context.support.DelegatingSmartContextLoader', parent = [null]]]
10:13:14.781 [main] DEBUG org.springframework.test.context.cache - Spring test ApplicationContext cache statistics: [DefaultContextCache@51c15508 size = 1, maxSize = 32, parentContextCount = 0, hitCount = 4065, missCount = 1]
10:13:14.781 [main] DEBUG org.springframework.test.context.support.AbstractDirtiesContextTestExecutionListener - After test method: context [DefaultTestContext@3f4515a9 testClass = ProjectServiceTest, testInstance = dec.ny.gov.etrack.permit.service.impl.ProjectServiceTest@72bf1f93, testMethod = testDeleteProjectsCallsDAOToDeleteProject@ProjectServiceTest, testException = ETrackPermitException(errorCode=PROJECT_DELETION_FAILURE, errorMessage=Error while deleting the Project details. Error details , httpStatus=null), mergedContextConfiguration = [MergedContextConfiguration@1cdb11ff testClass = ProjectServiceTest, locations = '{}', classes = '{}', contextInitializerClasses = '[]', activeProfiles = '{}', propertySourceLocations = '{}', propertySourceProperties = '{}', contextCustomizers = set[org.springframework.boot.test.context.filter.ExcludeFilterContextCustomizer@17947e6d, org.springframework.boot.test.json.DuplicateJsonObjectContextCustomizerFactory$DuplicateJsonObjectContextCustomizer@11eed657, org.springframework.boot.test.mock.mockito.MockitoContextCustomizer@0, org.springframework.boot.test.autoconfigure.properties.PropertyMappingContextCustomizer@0, org.springframework.boot.test.autoconfigure.web.servlet.WebDriverContextCustomizerFactory$Customizer@542f6803], contextLoader = 'org.springframework.test.context.support.DelegatingSmartContextLoader', parent = [null]], attributes = map[[empty]]], class annotated with @DirtiesContext [false] with mode [null], method annotated with @DirtiesContext [false] with mode [null].
]]></system-out>
  </testcase>
  <testcase name="testAddSupportDocumentDoesNotSaveProjectActivity" classname="dec.ny.gov.etrack.permit.service.impl.ProjectServiceTest" time="0.004"/>
  <testcase name="associateGeographicalInquiryToProjectTest" classname="dec.ny.gov.etrack.permit.service.impl.ProjectServiceTest" time="0.008"/>
  <testcase name="testRejectProjectValidationThrowsBREForIneligibleProject" classname="dec.ny.gov.etrack.permit.service.impl.ProjectServiceTest" time="0.004"/>
  <testcase name="testSaveProjectThrowsBREForNoMuni" classname="dec.ny.gov.etrack.permit.service.impl.ProjectServiceTest" time="0.003"/>
  <testcase name="testStoreProjectInfoDeletesAllSICNAICSCodes" classname="dec.ny.gov.etrack.permit.service.impl.ProjectServiceTest" time="0.004"/>
  <testcase name="testGetProjectPermitStatusMapsTaskStatusCorrectlyForSubmitProjectValInValidateMode" classname="dec.ny.gov.etrack.permit.service.impl.ProjectServiceTest" time="0.01">
    <failure message="expected: &lt;1002&gt; but was: &lt;null&gt;" type="org.opentest4j.AssertionFailedError"><![CDATA[org.opentest4j.AssertionFailedError: expected: <1002> but was: <null>
	at dec.ny.gov.etrack.permit.service.impl.ProjectServiceTest.testGetProjectPermitStatusMapsTaskStatusCorrectlyForSubmitProjectValInValidateMode(ProjectServiceTest.java:354)
]]></failure>
    <system-out><![CDATA[10:13:14.819 [main] DEBUG org.springframework.test.annotation.ProfileValueUtils - Retrieved @ProfileValueSourceConfiguration [null] for test class [dec.ny.gov.etrack.permit.service.impl.ProjectServiceTest]
10:13:14.819 [main] DEBUG org.springframework.test.annotation.ProfileValueUtils - Retrieved ProfileValueSource type [class org.springframework.test.annotation.SystemProfileValueSource] for class [dec.ny.gov.etrack.permit.service.impl.ProjectServiceTest]
10:13:14.821 [main] DEBUG org.springframework.test.context.support.DependencyInjectionTestExecutionListener - Performing dependency injection for test context [[DefaultTestContext@3f4515a9 testClass = ProjectServiceTest, testInstance = dec.ny.gov.etrack.permit.service.impl.ProjectServiceTest@70bd17ed, testMethod = [null], testException = [null], mergedContextConfiguration = [MergedContextConfiguration@1cdb11ff testClass = ProjectServiceTest, locations = '{}', classes = '{}', contextInitializerClasses = '[]', activeProfiles = '{}', propertySourceLocations = '{}', propertySourceProperties = '{}', contextCustomizers = set[org.springframework.boot.test.context.filter.ExcludeFilterContextCustomizer@17947e6d, org.springframework.boot.test.json.DuplicateJsonObjectContextCustomizerFactory$DuplicateJsonObjectContextCustomizer@11eed657, org.springframework.boot.test.mock.mockito.MockitoContextCustomizer@0, org.springframework.boot.test.autoconfigure.properties.PropertyMappingContextCustomizer@0, org.springframework.boot.test.autoconfigure.web.servlet.WebDriverContextCustomizerFactory$Customizer@542f6803], contextLoader = 'org.springframework.test.context.support.DelegatingSmartContextLoader', parent = [null]], attributes = map[[empty]]]].
10:13:14.821 [main] DEBUG org.springframework.test.context.cache.DefaultCacheAwareContextLoaderDelegate - Retrieved ApplicationContext [1534365740] from cache with key [[MergedContextConfiguration@1cdb11ff testClass = ProjectServiceTest, locations = '{}', classes = '{}', contextInitializerClasses = '[]', activeProfiles = '{}', propertySourceLocations = '{}', propertySourceProperties = '{}', contextCustomizers = set[org.springframework.boot.test.context.filter.ExcludeFilterContextCustomizer@17947e6d, org.springframework.boot.test.json.DuplicateJsonObjectContextCustomizerFactory$DuplicateJsonObjectContextCustomizer@11eed657, org.springframework.boot.test.mock.mockito.MockitoContextCustomizer@0, org.springframework.boot.test.autoconfigure.properties.PropertyMappingContextCustomizer@0, org.springframework.boot.test.autoconfigure.web.servlet.WebDriverContextCustomizerFactory$Customizer@542f6803], contextLoader = 'org.springframework.test.context.support.DelegatingSmartContextLoader', parent = [null]]]
10:13:14.821 [main] DEBUG org.springframework.test.context.cache - Spring test ApplicationContext cache statistics: [DefaultContextCache@51c15508 size = 1, maxSize = 32, parentContextCount = 0, hitCount = 4121, missCount = 1]
10:13:14.821 [main] DEBUG org.springframework.test.context.cache.DefaultCacheAwareContextLoaderDelegate - Retrieved ApplicationContext [1534365740] from cache with key [[MergedContextConfiguration@1cdb11ff testClass = ProjectServiceTest, locations = '{}', classes = '{}', contextInitializerClasses = '[]', activeProfiles = '{}', propertySourceLocations = '{}', propertySourceProperties = '{}', contextCustomizers = set[org.springframework.boot.test.context.filter.ExcludeFilterContextCustomizer@17947e6d, org.springframework.boot.test.json.DuplicateJsonObjectContextCustomizerFactory$DuplicateJsonObjectContextCustomizer@11eed657, org.springframework.boot.test.mock.mockito.MockitoContextCustomizer@0, org.springframework.boot.test.autoconfigure.properties.PropertyMappingContextCustomizer@0, org.springframework.boot.test.autoconfigure.web.servlet.WebDriverContextCustomizerFactory$Customizer@542f6803], contextLoader = 'org.springframework.test.context.support.DelegatingSmartContextLoader', parent = [null]]]
10:13:14.822 [main] DEBUG org.springframework.test.context.cache - Spring test ApplicationContext cache statistics: [DefaultContextCache@51c15508 size = 1, maxSize = 32, parentContextCount = 0, hitCount = 4122, missCount = 1]
10:13:14.822 [main] DEBUG org.springframework.test.context.support.AbstractDirtiesContextTestExecutionListener - Before test method: context [DefaultTestContext@3f4515a9 testClass = ProjectServiceTest, testInstance = dec.ny.gov.etrack.permit.service.impl.ProjectServiceTest@70bd17ed, testMethod = testGetProjectPermitStatusMapsTaskStatusCorrectlyForSubmitProjectValInValidateMode@ProjectServiceTest, testException = [null], mergedContextConfiguration = [MergedContextConfiguration@1cdb11ff testClass = ProjectServiceTest, locations = '{}', classes = '{}', contextInitializerClasses = '[]', activeProfiles = '{}', propertySourceLocations = '{}', propertySourceProperties = '{}', contextCustomizers = set[org.springframework.boot.test.context.filter.ExcludeFilterContextCustomizer@17947e6d, org.springframework.boot.test.json.DuplicateJsonObjectContextCustomizerFactory$DuplicateJsonObjectContextCustomizer@11eed657, org.springframework.boot.test.mock.mockito.MockitoContextCustomizer@0, org.springframework.boot.test.autoconfigure.properties.PropertyMappingContextCustomizer@0, org.springframework.boot.test.autoconfigure.web.servlet.WebDriverContextCustomizerFactory$Customizer@542f6803], contextLoader = 'org.springframework.test.context.support.DelegatingSmartContextLoader', parent = [null]], attributes = map[[empty]]], class annotated with @DirtiesContext [false] with mode [null], method annotated with @DirtiesContext [false] with mode [null].
10:13:14.822 [main] DEBUG org.springframework.test.context.cache.DefaultCacheAwareContextLoaderDelegate - Retrieved ApplicationContext [1534365740] from cache with key [[MergedContextConfiguration@1cdb11ff testClass = ProjectServiceTest, locations = '{}', classes = '{}', contextInitializerClasses = '[]', activeProfiles = '{}', propertySourceLocations = '{}', propertySourceProperties = '{}', contextCustomizers = set[org.springframework.boot.test.context.filter.ExcludeFilterContextCustomizer@17947e6d, org.springframework.boot.test.json.DuplicateJsonObjectContextCustomizerFactory$DuplicateJsonObjectContextCustomizer@11eed657, org.springframework.boot.test.mock.mockito.MockitoContextCustomizer@0, org.springframework.boot.test.autoconfigure.properties.PropertyMappingContextCustomizer@0, org.springframework.boot.test.autoconfigure.web.servlet.WebDriverContextCustomizerFactory$Customizer@542f6803], contextLoader = 'org.springframework.test.context.support.DelegatingSmartContextLoader', parent = [null]]]
10:13:14.822 [main] DEBUG org.springframework.test.context.cache - Spring test ApplicationContext cache statistics: [DefaultContextCache@51c15508 size = 1, maxSize = 32, parentContextCount = 0, hitCount = 4123, missCount = 1]
10:13:14.822 [main] DEBUG org.springframework.test.context.cache.DefaultCacheAwareContextLoaderDelegate - Retrieved ApplicationContext [1534365740] from cache with key [[MergedContextConfiguration@1cdb11ff testClass = ProjectServiceTest, locations = '{}', classes = '{}', contextInitializerClasses = '[]', activeProfiles = '{}', propertySourceLocations = '{}', propertySourceProperties = '{}', contextCustomizers = set[org.springframework.boot.test.context.filter.ExcludeFilterContextCustomizer@17947e6d, org.springframework.boot.test.json.DuplicateJsonObjectContextCustomizerFactory$DuplicateJsonObjectContextCustomizer@11eed657, org.springframework.boot.test.mock.mockito.MockitoContextCustomizer@0, org.springframework.boot.test.autoconfigure.properties.PropertyMappingContextCustomizer@0, org.springframework.boot.test.autoconfigure.web.servlet.WebDriverContextCustomizerFactory$Customizer@542f6803], contextLoader = 'org.springframework.test.context.support.DelegatingSmartContextLoader', parent = [null]]]
10:13:14.822 [main] DEBUG org.springframework.test.context.cache - Spring test ApplicationContext cache statistics: [DefaultContextCache@51c15508 size = 1, maxSize = 32, parentContextCount = 0, hitCount = 4124, missCount = 1]
10:13:14.823 [main] DEBUG org.springframework.test.context.cache.DefaultCacheAwareContextLoaderDelegate - Retrieved ApplicationContext [1534365740] from cache with key [[MergedContextConfiguration@1cdb11ff testClass = ProjectServiceTest, locations = '{}', classes = '{}', contextInitializerClasses = '[]', activeProfiles = '{}', propertySourceLocations = '{}', propertySourceProperties = '{}', contextCustomizers = set[org.springframework.boot.test.context.filter.ExcludeFilterContextCustomizer@17947e6d, org.springframework.boot.test.json.DuplicateJsonObjectContextCustomizerFactory$DuplicateJsonObjectContextCustomizer@11eed657, org.springframework.boot.test.mock.mockito.MockitoContextCustomizer@0, org.springframework.boot.test.autoconfigure.properties.PropertyMappingContextCustomizer@0, org.springframework.boot.test.autoconfigure.web.servlet.WebDriverContextCustomizerFactory$Customizer@542f6803], contextLoader = 'org.springframework.test.context.support.DelegatingSmartContextLoader', parent = [null]]]
10:13:14.823 [main] DEBUG org.springframework.test.context.cache - Spring test ApplicationContext cache statistics: [DefaultContextCache@51c15508 size = 1, maxSize = 32, parentContextCount = 0, hitCount = 4125, missCount = 1]
10:13:14.823 [main] INFO dec.ny.gov.etrack.permit.service.impl.ProjectServiceImpl - Entering into Project permit status User Id: jxpuvoge, Context Id context1234
10:13:14.823 [main] INFO dec.ny.gov.etrack.permit.service.impl.ProjectServiceImpl - Exiting from Project permit status User Id: jxpuvoge, Context Id: context1234
10:13:14.829 [main] DEBUG org.springframework.test.context.cache.DefaultCacheAwareContextLoaderDelegate - Retrieved ApplicationContext [1534365740] from cache with key [[MergedContextConfiguration@1cdb11ff testClass = ProjectServiceTest, locations = '{}', classes = '{}', contextInitializerClasses = '[]', activeProfiles = '{}', propertySourceLocations = '{}', propertySourceProperties = '{}', contextCustomizers = set[org.springframework.boot.test.context.filter.ExcludeFilterContextCustomizer@17947e6d, org.springframework.boot.test.json.DuplicateJsonObjectContextCustomizerFactory$DuplicateJsonObjectContextCustomizer@11eed657, org.springframework.boot.test.mock.mockito.MockitoContextCustomizer@0, org.springframework.boot.test.autoconfigure.properties.PropertyMappingContextCustomizer@0, org.springframework.boot.test.autoconfigure.web.servlet.WebDriverContextCustomizerFactory$Customizer@542f6803], contextLoader = 'org.springframework.test.context.support.DelegatingSmartContextLoader', parent = [null]]]
10:13:14.829 [main] DEBUG org.springframework.test.context.cache - Spring test ApplicationContext cache statistics: [DefaultContextCache@51c15508 size = 1, maxSize = 32, parentContextCount = 0, hitCount = 4126, missCount = 1]
10:13:14.830 [main] DEBUG org.springframework.test.context.cache.DefaultCacheAwareContextLoaderDelegate - Retrieved ApplicationContext [1534365740] from cache with key [[MergedContextConfiguration@1cdb11ff testClass = ProjectServiceTest, locations = '{}', classes = '{}', contextInitializerClasses = '[]', activeProfiles = '{}', propertySourceLocations = '{}', propertySourceProperties = '{}', contextCustomizers = set[org.springframework.boot.test.context.filter.ExcludeFilterContextCustomizer@17947e6d, org.springframework.boot.test.json.DuplicateJsonObjectContextCustomizerFactory$DuplicateJsonObjectContextCustomizer@11eed657, org.springframework.boot.test.mock.mockito.MockitoContextCustomizer@0, org.springframework.boot.test.autoconfigure.properties.PropertyMappingContextCustomizer@0, org.springframework.boot.test.autoconfigure.web.servlet.WebDriverContextCustomizerFactory$Customizer@542f6803], contextLoader = 'org.springframework.test.context.support.DelegatingSmartContextLoader', parent = [null]]]
10:13:14.830 [main] DEBUG org.springframework.test.context.cache - Spring test ApplicationContext cache statistics: [DefaultContextCache@51c15508 size = 1, maxSize = 32, parentContextCount = 0, hitCount = 4127, missCount = 1]
10:13:14.830 [main] DEBUG org.springframework.test.context.cache.DefaultCacheAwareContextLoaderDelegate - Retrieved ApplicationContext [1534365740] from cache with key [[MergedContextConfiguration@1cdb11ff testClass = ProjectServiceTest, locations = '{}', classes = '{}', contextInitializerClasses = '[]', activeProfiles = '{}', propertySourceLocations = '{}', propertySourceProperties = '{}', contextCustomizers = set[org.springframework.boot.test.context.filter.ExcludeFilterContextCustomizer@17947e6d, org.springframework.boot.test.json.DuplicateJsonObjectContextCustomizerFactory$DuplicateJsonObjectContextCustomizer@11eed657, org.springframework.boot.test.mock.mockito.MockitoContextCustomizer@0, org.springframework.boot.test.autoconfigure.properties.PropertyMappingContextCustomizer@0, org.springframework.boot.test.autoconfigure.web.servlet.WebDriverContextCustomizerFactory$Customizer@542f6803], contextLoader = 'org.springframework.test.context.support.DelegatingSmartContextLoader', parent = [null]]]
10:13:14.830 [main] DEBUG org.springframework.test.context.cache - Spring test ApplicationContext cache statistics: [DefaultContextCache@51c15508 size = 1, maxSize = 32, parentContextCount = 0, hitCount = 4128, missCount = 1]
10:13:14.830 [main] DEBUG org.springframework.test.context.cache.DefaultCacheAwareContextLoaderDelegate - Retrieved ApplicationContext [1534365740] from cache with key [[MergedContextConfiguration@1cdb11ff testClass = ProjectServiceTest, locations = '{}', classes = '{}', contextInitializerClasses = '[]', activeProfiles = '{}', propertySourceLocations = '{}', propertySourceProperties = '{}', contextCustomizers = set[org.springframework.boot.test.context.filter.ExcludeFilterContextCustomizer@17947e6d, org.springframework.boot.test.json.DuplicateJsonObjectContextCustomizerFactory$DuplicateJsonObjectContextCustomizer@11eed657, org.springframework.boot.test.mock.mockito.MockitoContextCustomizer@0, org.springframework.boot.test.autoconfigure.properties.PropertyMappingContextCustomizer@0, org.springframework.boot.test.autoconfigure.web.servlet.WebDriverContextCustomizerFactory$Customizer@542f6803], contextLoader = 'org.springframework.test.context.support.DelegatingSmartContextLoader', parent = [null]]]
10:13:14.830 [main] DEBUG org.springframework.test.context.cache - Spring test ApplicationContext cache statistics: [DefaultContextCache@51c15508 size = 1, maxSize = 32, parentContextCount = 0, hitCount = 4129, missCount = 1]
10:13:14.831 [main] DEBUG org.springframework.test.context.cache.DefaultCacheAwareContextLoaderDelegate - Retrieved ApplicationContext [1534365740] from cache with key [[MergedContextConfiguration@1cdb11ff testClass = ProjectServiceTest, locations = '{}', classes = '{}', contextInitializerClasses = '[]', activeProfiles = '{}', propertySourceLocations = '{}', propertySourceProperties = '{}', contextCustomizers = set[org.springframework.boot.test.context.filter.ExcludeFilterContextCustomizer@17947e6d, org.springframework.boot.test.json.DuplicateJsonObjectContextCustomizerFactory$DuplicateJsonObjectContextCustomizer@11eed657, org.springframework.boot.test.mock.mockito.MockitoContextCustomizer@0, org.springframework.boot.test.autoconfigure.properties.PropertyMappingContextCustomizer@0, org.springframework.boot.test.autoconfigure.web.servlet.WebDriverContextCustomizerFactory$Customizer@542f6803], contextLoader = 'org.springframework.test.context.support.DelegatingSmartContextLoader', parent = [null]]]
10:13:14.832 [main] DEBUG org.springframework.test.context.cache - Spring test ApplicationContext cache statistics: [DefaultContextCache@51c15508 size = 1, maxSize = 32, parentContextCount = 0, hitCount = 4130, missCount = 1]
10:13:14.832 [main] DEBUG org.springframework.test.context.cache.DefaultCacheAwareContextLoaderDelegate - Retrieved ApplicationContext [1534365740] from cache with key [[MergedContextConfiguration@1cdb11ff testClass = ProjectServiceTest, locations = '{}', classes = '{}', contextInitializerClasses = '[]', activeProfiles = '{}', propertySourceLocations = '{}', propertySourceProperties = '{}', contextCustomizers = set[org.springframework.boot.test.context.filter.ExcludeFilterContextCustomizer@17947e6d, org.springframework.boot.test.json.DuplicateJsonObjectContextCustomizerFactory$DuplicateJsonObjectContextCustomizer@11eed657, org.springframework.boot.test.mock.mockito.MockitoContextCustomizer@0, org.springframework.boot.test.autoconfigure.properties.PropertyMappingContextCustomizer@0, org.springframework.boot.test.autoconfigure.web.servlet.WebDriverContextCustomizerFactory$Customizer@542f6803], contextLoader = 'org.springframework.test.context.support.DelegatingSmartContextLoader', parent = [null]]]
10:13:14.832 [main] DEBUG org.springframework.test.context.cache - Spring test ApplicationContext cache statistics: [DefaultContextCache@51c15508 size = 1, maxSize = 32, parentContextCount = 0, hitCount = 4131, missCount = 1]
10:13:14.832 [main] DEBUG org.springframework.test.context.support.AbstractDirtiesContextTestExecutionListener - After test method: context [DefaultTestContext@3f4515a9 testClass = ProjectServiceTest, testInstance = dec.ny.gov.etrack.permit.service.impl.ProjectServiceTest@70bd17ed, testMethod = testGetProjectPermitStatusMapsTaskStatusCorrectlyForSubmitProjectValInValidateMode@ProjectServiceTest, testException = org.opentest4j.AssertionFailedError: expected: <1002> but was: <null>, mergedContextConfiguration = [MergedContextConfiguration@1cdb11ff testClass = ProjectServiceTest, locations = '{}', classes = '{}', contextInitializerClasses = '[]', activeProfiles = '{}', propertySourceLocations = '{}', propertySourceProperties = '{}', contextCustomizers = set[org.springframework.boot.test.context.filter.ExcludeFilterContextCustomizer@17947e6d, org.springframework.boot.test.json.DuplicateJsonObjectContextCustomizerFactory$DuplicateJsonObjectContextCustomizer@11eed657, org.springframework.boot.test.mock.mockito.MockitoContextCustomizer@0, org.springframework.boot.test.autoconfigure.properties.PropertyMappingContextCustomizer@0, org.springframework.boot.test.autoconfigure.web.servlet.WebDriverContextCustomizerFactory$Customizer@542f6803], contextLoader = 'org.springframework.test.context.support.DelegatingSmartContextLoader', parent = [null]], attributes = map[[empty]]], class annotated with @DirtiesContext [false] with mode [null], method annotated with @DirtiesContext [false] with mode [null].
]]></system-out>
  </testcase>
  <testcase name="testStoreProjectInfoSavesAllExistingSICNAICSCodes" classname="dec.ny.gov.etrack.permit.service.impl.ProjectServiceTest" time="0.006"/>
  <testcase name="testStoreProjectInfoSavesDevelopmentTypes" classname="dec.ny.gov.etrack.permit.service.impl.ProjectServiceTest" time="0.006"/>
  <testcase name="testUpdateDocumentReviewerDetailsThrowsBREForInvalidDateFormat" classname="dec.ny.gov.etrack.permit.service.impl.ProjectServiceTest" time="0.121"/>
  <testcase name="testUploadProjectDetailsToEnterpriseThrowsNoExceptionsEbpIdNull" classname="dec.ny.gov.etrack.permit.service.impl.ProjectServiceTest" time="0.005"/>
</testsuite>