<?xml version="1.0" encoding="UTF-8"?>
<testsuite xmlns:xsi="http://www.w3.org/2001/XMLSchema-instance" xsi:noNamespaceSchemaLocation="https://maven.apache.org/surefire/maven-surefire-plugin/xsd/surefire-test-report.xsd" name="dec.ny.gov.etrack.dart.db.dao.DashboardDetailDAOTest" time="0.079" tests="20" errors="0" skipped="0" failures="0">
  <properties>
    <property name="sun.desktop" value="windows"/>
    <property name="awt.toolkit" value="sun.awt.windows.WToolkit"/>
    <property name="file.encoding.pkg" value="sun.io"/>
    <property name="java.specification.version" value="1.8"/>
    <property name="sun.cpu.isalist" value="amd64"/>
    <property name="sun.jnu.encoding" value="Cp1252"/>
    <property name="java.class.path" value="C:\Users\sxchoudh\Documents\repo\etrack-dart-db-service\target\test-classes;C:\Users\sxchoudh\Documents\repo\etrack-dart-db-service\target\classes;C:\Users\sxchoudh\.m2\repository\org\springframework\boot\spring-boot-starter\2.3.9.RELEASE\spring-boot-starter-2.3.9.RELEASE.jar;C:\Users\sxchoudh\.m2\repository\org\springframework\boot\spring-boot\2.3.9.RELEASE\spring-boot-2.3.9.RELEASE.jar;C:\Users\sxchoudh\.m2\repository\org\springframework\boot\spring-boot-autoconfigure\2.3.9.RELEASE\spring-boot-autoconfigure-2.3.9.RELEASE.jar;C:\Users\sxchoudh\.m2\repository\org\springframework\boot\spring-boot-starter-logging\2.3.9.RELEASE\spring-boot-starter-logging-2.3.9.RELEASE.jar;C:\Users\sxchoudh\.m2\repository\ch\qos\logback\logback-classic\1.2.3\logback-classic-1.2.3.jar;C:\Users\sxchoudh\.m2\repository\ch\qos\logback\logback-core\1.2.3\logback-core-1.2.3.jar;C:\Users\sxchoudh\.m2\repository\org\apache\logging\log4j\log4j-to-slf4j\2.13.3\log4j-to-slf4j-2.13.3.jar;C:\Users\sxchoudh\.m2\repository\org\apache\logging\log4j\log4j-api\2.13.3\log4j-api-2.13.3.jar;C:\Users\sxchoudh\.m2\repository\org\slf4j\jul-to-slf4j\1.7.30\jul-to-slf4j-1.7.30.jar;C:\Users\sxchoudh\.m2\repository\jakarta\annotation\jakarta.annotation-api\1.3.5\jakarta.annotation-api-1.3.5.jar;C:\Users\sxchoudh\.m2\repository\org\springframework\spring-core\5.2.13.RELEASE\spring-core-5.2.13.RELEASE.jar;C:\Users\sxchoudh\.m2\repository\org\springframework\spring-jcl\5.2.13.RELEASE\spring-jcl-5.2.13.RELEASE.jar;C:\Users\sxchoudh\.m2\repository\org\projectlombok\lombok\1.18.18\lombok-1.18.18.jar;C:\Users\sxchoudh\.m2\repository\org\springframework\boot\spring-boot-starter-web\2.3.9.RELEASE\spring-boot-starter-web-2.3.9.RELEASE.jar;C:\Users\sxchoudh\.m2\repository\org\springframework\boot\spring-boot-starter-json\2.3.9.RELEASE\spring-boot-starter-json-2.3.9.RELEASE.jar;C:\Users\sxchoudh\.m2\repository\com\fasterxml\jackson\datatype\jackson-datatype-jdk8\2.11.4\jackson-datatype-jdk8-2.11.4.jar;C:\Users\sxchoudh\.m2\repository\com\fasterxml\jackson\datatype\jackson-datatype-jsr310\2.11.4\jackson-datatype-jsr310-2.11.4.jar;C:\Users\sxchoudh\.m2\repository\com\fasterxml\jackson\module\jackson-module-parameter-names\2.11.4\jackson-module-parameter-names-2.11.4.jar;C:\Users\sxchoudh\.m2\repository\org\springframework\spring-web\5.2.13.RELEASE\spring-web-5.2.13.RELEASE.jar;C:\Users\sxchoudh\.m2\repository\org\springframework\spring-webmvc\5.2.13.RELEASE\spring-webmvc-5.2.13.RELEASE.jar;C:\Users\sxchoudh\.m2\repository\org\springframework\spring-expression\5.2.13.RELEASE\spring-expression-5.2.13.RELEASE.jar;C:\Users\sxchoudh\.m2\repository\org\springframework\boot\spring-boot-starter-test\2.3.9.RELEASE\spring-boot-starter-test-2.3.9.RELEASE.jar;C:\Users\sxchoudh\.m2\repository\org\springframework\boot\spring-boot-test\2.3.9.RELEASE\spring-boot-test-2.3.9.RELEASE.jar;C:\Users\sxchoudh\.m2\repository\org\springframework\boot\spring-boot-test-autoconfigure\2.3.9.RELEASE\spring-boot-test-autoconfigure-2.3.9.RELEASE.jar;C:\Users\sxchoudh\.m2\repository\com\jayway\jsonpath\json-path\2.4.0\json-path-2.4.0.jar;C:\Users\sxchoudh\.m2\repository\net\minidev\json-smart\2.3\json-smart-2.3.jar;C:\Users\sxchoudh\.m2\repository\net\minidev\accessors-smart\1.2\accessors-smart-1.2.jar;C:\Users\sxchoudh\.m2\repository\jakarta\xml\bind\jakarta.xml.bind-api\2.3.3\jakarta.xml.bind-api-2.3.3.jar;C:\Users\sxchoudh\.m2\repository\jakarta\activation\jakarta.activation-api\1.2.2\jakarta.activation-api-1.2.2.jar;C:\Users\sxchoudh\.m2\repository\org\assertj\assertj-core\3.16.1\assertj-core-3.16.1.jar;C:\Users\sxchoudh\.m2\repository\org\hamcrest\hamcrest\2.2\hamcrest-2.2.jar;C:\Users\sxchoudh\.m2\repository\org\junit\jupiter\junit-jupiter\5.6.3\junit-jupiter-5.6.3.jar;C:\Users\sxchoudh\.m2\repository\org\junit\jupiter\junit-jupiter-api\5.6.3\junit-jupiter-api-5.6.3.jar;C:\Users\sxchoudh\.m2\repository\org\apiguardian\apiguardian-api\1.1.0\apiguardian-api-1.1.0.jar;C:\Users\sxchoudh\.m2\repository\org\opentest4j\opentest4j\1.2.0\opentest4j-1.2.0.jar;C:\Users\sxchoudh\.m2\repository\org\junit\platform\junit-platform-commons\1.6.3\junit-platform-commons-1.6.3.jar;C:\Users\sxchoudh\.m2\repository\org\junit\jupiter\junit-jupiter-params\5.6.3\junit-jupiter-params-5.6.3.jar;C:\Users\sxchoudh\.m2\repository\org\junit\jupiter\junit-jupiter-engine\5.6.3\junit-jupiter-engine-5.6.3.jar;C:\Users\sxchoudh\.m2\repository\org\junit\platform\junit-platform-engine\1.6.3\junit-platform-engine-1.6.3.jar;C:\Users\sxchoudh\.m2\repository\org\mockito\mockito-core\3.3.3\mockito-core-3.3.3.jar;C:\Users\sxchoudh\.m2\repository\net\bytebuddy\byte-buddy\1.10.20\byte-buddy-1.10.20.jar;C:\Users\sxchoudh\.m2\repository\net\bytebuddy\byte-buddy-agent\1.10.20\byte-buddy-agent-1.10.20.jar;C:\Users\sxchoudh\.m2\repository\org\objenesis\objenesis\2.6\objenesis-2.6.jar;C:\Users\sxchoudh\.m2\repository\org\mockito\mockito-junit-jupiter\3.3.3\mockito-junit-jupiter-3.3.3.jar;C:\Users\sxchoudh\.m2\repository\org\skyscreamer\jsonassert\1.5.0\jsonassert-1.5.0.jar;C:\Users\sxchoudh\.m2\repository\com\vaadin\external\google\android-json\0.0.20131108.vaadin1\android-json-0.0.20131108.vaadin1.jar;C:\Users\sxchoudh\.m2\repository\org\xmlunit\xmlunit-core\2.7.0\xmlunit-core-2.7.0.jar;C:\Users\sxchoudh\.m2\repository\org\springframework\boot\spring-boot-starter-tomcat\2.3.9.RELEASE\spring-boot-starter-tomcat-2.3.9.RELEASE.jar;C:\Users\sxchoudh\.m2\repository\org\apache\tomcat\embed\tomcat-embed-core\9.0.43\tomcat-embed-core-9.0.43.jar;C:\Users\sxchoudh\.m2\repository\org\glassfish\jakarta.el\3.0.3\jakarta.el-3.0.3.jar;C:\Users\sxchoudh\.m2\repository\org\apache\tomcat\embed\tomcat-embed-websocket\9.0.43\tomcat-embed-websocket-9.0.43.jar;C:\Users\sxchoudh\.m2\repository\org\springframework\ldap\spring-ldap-core\2.3.3.RELEASE\spring-ldap-core-2.3.3.RELEASE.jar;C:\Users\sxchoudh\.m2\repository\org\slf4j\slf4j-api\1.7.30\slf4j-api-1.7.30.jar;C:\Users\sxchoudh\.m2\repository\org\springframework\spring-beans\5.2.13.RELEASE\spring-beans-5.2.13.RELEASE.jar;C:\Users\sxchoudh\.m2\repository\org\springframework\spring-tx\5.2.13.RELEASE\spring-tx-5.2.13.RELEASE.jar;C:\Users\sxchoudh\.m2\repository\javax\servlet\javax.servlet-api\4.0.1\javax.servlet-api-4.0.1.jar;C:\Users\sxchoudh\.m2\repository\org\springframework\spring-test\5.2.13.RELEASE\spring-test-5.2.13.RELEASE.jar;C:\Users\sxchoudh\.m2\repository\org\jacoco\jacoco-maven-plugin\0.8.7\jacoco-maven-plugin-0.8.7.jar;C:\Users\sxchoudh\.m2\repository\org\apache\maven\maven-plugin-api\3.0\maven-plugin-api-3.0.jar;C:\Users\sxchoudh\.m2\repository\org\apache\maven\maven-model\3.0\maven-model-3.0.jar;C:\Users\sxchoudh\.m2\repository\org\apache\maven\maven-artifact\3.0\maven-artifact-3.0.jar;C:\Users\sxchoudh\.m2\repository\org\sonatype\sisu\sisu-inject-plexus\1.4.2\sisu-inject-plexus-1.4.2.jar;C:\Users\sxchoudh\.m2\repository\org\sonatype\sisu\sisu-inject-bean\1.4.2\sisu-inject-bean-1.4.2.jar;C:\Users\sxchoudh\.m2\repository\org\sonatype\sisu\sisu-guice\2.1.7\sisu-guice-2.1.7-noaop.jar;C:\Users\sxchoudh\.m2\repository\org\apache\maven\maven-core\3.0\maven-core-3.0.jar;C:\Users\sxchoudh\.m2\repository\org\apache\maven\maven-settings\3.0\maven-settings-3.0.jar;C:\Users\sxchoudh\.m2\repository\org\apache\maven\maven-settings-builder\3.0\maven-settings-builder-3.0.jar;C:\Users\sxchoudh\.m2\repository\org\apache\maven\maven-repository-metadata\3.0\maven-repository-metadata-3.0.jar;C:\Users\sxchoudh\.m2\repository\org\apache\maven\maven-model-builder\3.0\maven-model-builder-3.0.jar;C:\Users\sxchoudh\.m2\repository\org\apache\maven\maven-aether-provider\3.0\maven-aether-provider-3.0.jar;C:\Users\sxchoudh\.m2\repository\org\sonatype\aether\aether-impl\1.7\aether-impl-1.7.jar;C:\Users\sxchoudh\.m2\repository\org\sonatype\aether\aether-spi\1.7\aether-spi-1.7.jar;C:\Users\sxchoudh\.m2\repository\org\sonatype\aether\aether-api\1.7\aether-api-1.7.jar;C:\Users\sxchoudh\.m2\repository\org\sonatype\aether\aether-util\1.7\aether-util-1.7.jar;C:\Users\sxchoudh\.m2\repository\org\codehaus\plexus\plexus-interpolation\1.14\plexus-interpolation-1.14.jar;C:\Users\sxchoudh\.m2\repository\org\codehaus\plexus\plexus-classworlds\2.2.3\plexus-classworlds-2.2.3.jar;C:\Users\sxchoudh\.m2\repository\org\codehaus\plexus\plexus-component-annotations\1.5.5\plexus-component-annotations-1.5.5.jar;C:\Users\sxchoudh\.m2\repository\org\sonatype\plexus\plexus-sec-dispatcher\1.3\plexus-sec-dispatcher-1.3.jar;C:\Users\sxchoudh\.m2\repository\org\sonatype\plexus\plexus-cipher\1.4\plexus-cipher-1.4.jar;C:\Users\sxchoudh\.m2\repository\org\codehaus\plexus\plexus-utils\3.0.22\plexus-utils-3.0.22.jar;C:\Users\sxchoudh\.m2\repository\org\apache\maven\shared\file-management\1.2.1\file-management-1.2.1.jar;C:\Users\sxchoudh\.m2\repository\org\apache\maven\shared\maven-shared-io\1.1\maven-shared-io-1.1.jar;C:\Users\sxchoudh\.m2\repository\org\apache\maven\maven-artifact-manager\2.0.2\maven-artifact-manager-2.0.2.jar;C:\Users\sxchoudh\.m2\repository\org\apache\maven\wagon\wagon-provider-api\1.0-alpha-6\wagon-provider-api-1.0-alpha-6.jar;C:\Users\sxchoudh\.m2\repository\org\codehaus\plexus\plexus-container-default\1.0-alpha-9\plexus-container-default-1.0-alpha-9.jar;C:\Users\sxchoudh\.m2\repository\junit\junit\4.13.2\junit-4.13.2.jar;C:\Users\sxchoudh\.m2\repository\org\hamcrest\hamcrest-core\2.2\hamcrest-core-2.2.jar;C:\Users\sxchoudh\.m2\repository\classworlds\classworlds\1.1-alpha-2\classworlds-1.1-alpha-2.jar;C:\Users\sxchoudh\.m2\repository\org\apache\maven\reporting\maven-reporting-api\3.0\maven-reporting-api-3.0.jar;C:\Users\sxchoudh\.m2\repository\org\apache\maven\doxia\doxia-sink-api\1.0\doxia-sink-api-1.0.jar;C:\Users\sxchoudh\.m2\repository\org\jacoco\org.jacoco.agent\0.8.7\org.jacoco.agent-0.8.7-runtime.jar;C:\Users\sxchoudh\.m2\repository\org\jacoco\org.jacoco.core\0.8.7\org.jacoco.core-0.8.7.jar;C:\Users\sxchoudh\.m2\repository\org\ow2\asm\asm\9.1\asm-9.1.jar;C:\Users\sxchoudh\.m2\repository\org\ow2\asm\asm-commons\9.1\asm-commons-9.1.jar;C:\Users\sxchoudh\.m2\repository\org\ow2\asm\asm-analysis\9.1\asm-analysis-9.1.jar;C:\Users\sxchoudh\.m2\repository\org\ow2\asm\asm-tree\9.1\asm-tree-9.1.jar;C:\Users\sxchoudh\.m2\repository\org\jacoco\org.jacoco.report\0.8.7\org.jacoco.report-0.8.7.jar;C:\Users\sxchoudh\.m2\repository\org\springframework\boot\spring-boot-starter-security\2.3.9.RELEASE\spring-boot-starter-security-2.3.9.RELEASE.jar;C:\Users\sxchoudh\.m2\repository\org\springframework\spring-aop\5.2.13.RELEASE\spring-aop-5.2.13.RELEASE.jar;C:\Users\sxchoudh\.m2\repository\org\springframework\security\spring-security-config\5.3.8.RELEASE\spring-security-config-5.3.8.RELEASE.jar;C:\Users\sxchoudh\.m2\repository\org\springframework\security\spring-security-web\5.3.8.RELEASE\spring-security-web-5.3.8.RELEASE.jar;C:\Users\sxchoudh\.m2\repository\org\springframework\boot\spring-boot-starter-oauth2-client\2.3.9.RELEASE\spring-boot-starter-oauth2-client-2.3.9.RELEASE.jar;C:\Users\sxchoudh\.m2\repository\com\sun\mail\jakarta.mail\1.6.5\jakarta.mail-1.6.5.jar;C:\Users\sxchoudh\.m2\repository\com\sun\activation\jakarta.activation\1.2.2\jakarta.activation-1.2.2.jar;C:\Users\sxchoudh\.m2\repository\org\springframework\security\spring-security-core\5.3.8.RELEASE\spring-security-core-5.3.8.RELEASE.jar;C:\Users\sxchoudh\.m2\repository\org\springframework\security\spring-security-oauth2-client\5.3.8.RELEASE\spring-security-oauth2-client-5.3.8.RELEASE.jar;C:\Users\sxchoudh\.m2\repository\com\nimbusds\oauth2-oidc-sdk\7.1.1\oauth2-oidc-sdk-7.1.1.jar;C:\Users\sxchoudh\.m2\repository\com\github\stephenc\jcip\jcip-annotations\1.0-1\jcip-annotations-1.0-1.jar;C:\Users\sxchoudh\.m2\repository\com\nimbusds\content-type\2.0\content-type-2.0.jar;C:\Users\sxchoudh\.m2\repository\com\nimbusds\lang-tag\1.4.4\lang-tag-1.4.4.jar;C:\Users\sxchoudh\.m2\repository\org\springframework\security\spring-security-oauth2-core\5.3.8.RELEASE\spring-security-oauth2-core-5.3.8.RELEASE.jar;C:\Users\sxchoudh\.m2\repository\org\springframework\security\spring-security-oauth2-jose\5.3.8.RELEASE\spring-security-oauth2-jose-5.3.8.RELEASE.jar;C:\Users\sxchoudh\.m2\repository\com\nimbusds\nimbus-jose-jwt\8.19\nimbus-jose-jwt-8.19.jar;C:\Users\sxchoudh\.m2\repository\org\springframework\security\oauth\spring-security-oauth2\2.5.1.RELEASE\spring-security-oauth2-2.5.1.RELEASE.jar;C:\Users\sxchoudh\.m2\repository\org\springframework\spring-context\5.2.13.RELEASE\spring-context-5.2.13.RELEASE.jar;C:\Users\sxchoudh\.m2\repository\commons-codec\commons-codec\1.14\commons-codec-1.14.jar;C:\Users\sxchoudh\.m2\repository\org\springframework\security\oauth\boot\spring-security-oauth2-autoconfigure\2.5.2\spring-security-oauth2-autoconfigure-2.5.2.jar;C:\Users\sxchoudh\.m2\repository\com\fasterxml\jackson\core\jackson-annotations\2.11.4\jackson-annotations-2.11.4.jar;C:\Users\sxchoudh\.m2\repository\com\fasterxml\jackson\core\jackson-databind\2.11.4\jackson-databind-2.11.4.jar;C:\Users\sxchoudh\.m2\repository\javax\xml\bind\jaxb-api\2.3.1\jaxb-api-2.3.1.jar;C:\Users\sxchoudh\.m2\repository\javax\activation\javax.activation-api\1.2.0\javax.activation-api-1.2.0.jar;C:\Users\sxchoudh\.m2\repository\org\springframework\security\spring-security-jwt\1.1.1.RELEASE\spring-security-jwt-1.1.1.RELEASE.jar;C:\Users\sxchoudh\.m2\repository\org\bouncycastle\bcpkix-jdk15on\1.64\bcpkix-jdk15on-1.64.jar;C:\Users\sxchoudh\.m2\repository\org\glassfish\jaxb\jaxb-runtime\2.3.3\jaxb-runtime-2.3.3.jar;C:\Users\sxchoudh\.m2\repository\org\glassfish\jaxb\txw2\2.3.3\txw2-2.3.3.jar;C:\Users\sxchoudh\.m2\repository\com\sun\istack\istack-commons-runtime\3.0.11\istack-commons-runtime-3.0.11.jar;C:\Users\sxchoudh\.m2\repository\org\springframework\boot\spring-boot-starter-oauth2-resource-server\2.3.9.RELEASE\spring-boot-starter-oauth2-resource-server-2.3.9.RELEASE.jar;C:\Users\sxchoudh\.m2\repository\org\springframework\security\spring-security-oauth2-resource-server\5.3.8.RELEASE\spring-security-oauth2-resource-server-5.3.8.RELEASE.jar;C:\Users\sxchoudh\.m2\repository\org\springframework\boot\spring-boot-starter-data-jpa\2.3.9.RELEASE\spring-boot-starter-data-jpa-2.3.9.RELEASE.jar;C:\Users\sxchoudh\.m2\repository\org\springframework\boot\spring-boot-starter-aop\2.3.9.RELEASE\spring-boot-starter-aop-2.3.9.RELEASE.jar;C:\Users\sxchoudh\.m2\repository\org\aspectj\aspectjweaver\1.9.6\aspectjweaver-1.9.6.jar;C:\Users\sxchoudh\.m2\repository\org\springframework\boot\spring-boot-starter-jdbc\2.3.9.RELEASE\spring-boot-starter-jdbc-2.3.9.RELEASE.jar;C:\Users\sxchoudh\.m2\repository\com\zaxxer\HikariCP\3.4.5\HikariCP-3.4.5.jar;C:\Users\sxchoudh\.m2\repository\org\springframework\spring-jdbc\5.2.13.RELEASE\spring-jdbc-5.2.13.RELEASE.jar;C:\Users\sxchoudh\.m2\repository\jakarta\transaction\jakarta.transaction-api\1.3.3\jakarta.transaction-api-1.3.3.jar;C:\Users\sxchoudh\.m2\repository\jakarta\persistence\jakarta.persistence-api\2.2.3\jakarta.persistence-api-2.2.3.jar;C:\Users\sxchoudh\.m2\repository\org\hibernate\hibernate-core\5.4.28.Final\hibernate-core-5.4.28.Final.jar;C:\Users\sxchoudh\.m2\repository\org\jboss\logging\jboss-logging\3.4.1.Final\jboss-logging-3.4.1.Final.jar;C:\Users\sxchoudh\.m2\repository\org\javassist\javassist\3.27.0-GA\javassist-3.27.0-GA.jar;C:\Users\sxchoudh\.m2\repository\antlr\antlr\2.7.7\antlr-2.7.7.jar;C:\Users\sxchoudh\.m2\repository\org\jboss\jandex\2.2.3.Final\jandex-2.2.3.Final.jar;C:\Users\sxchoudh\.m2\repository\org\dom4j\dom4j\2.1.3\dom4j-2.1.3.jar;C:\Users\sxchoudh\.m2\repository\org\hibernate\common\hibernate-commons-annotations\5.1.2.Final\hibernate-commons-annotations-5.1.2.Final.jar;C:\Users\sxchoudh\.m2\repository\org\springframework\data\spring-data-jpa\2.3.7.RELEASE\spring-data-jpa-2.3.7.RELEASE.jar;C:\Users\sxchoudh\.m2\repository\org\springframework\data\spring-data-commons\2.3.7.RELEASE\spring-data-commons-2.3.7.RELEASE.jar;C:\Users\sxchoudh\.m2\repository\org\springframework\spring-orm\5.2.13.RELEASE\spring-orm-5.2.13.RELEASE.jar;C:\Users\sxchoudh\.m2\repository\org\springframework\spring-aspects\5.2.13.RELEASE\spring-aspects-5.2.13.RELEASE.jar;C:\Users\sxchoudh\.m2\repository\net\sf\jasperreports\jasperreports\6.11.0\jasperreports-6.11.0.jar;C:\Users\sxchoudh\.m2\repository\commons-beanutils\commons-beanutils\1.9.4\commons-beanutils-1.9.4.jar;C:\Users\sxchoudh\.m2\repository\commons-collections\commons-collections\3.2.2\commons-collections-3.2.2.jar;C:\Users\sxchoudh\.m2\repository\commons-digester\commons-digester\2.1\commons-digester-2.1.jar;C:\Users\sxchoudh\.m2\repository\commons-logging\commons-logging\1.1.1\commons-logging-1.1.1.jar;C:\Users\sxchoudh\.m2\repository\org\apache\commons\commons-collections4\4.2\commons-collections4-4.2.jar;C:\Users\sxchoudh\.m2\repository\com\lowagie\itext\2.1.7.js7\itext-2.1.7.js7.jar;C:\Users\sxchoudh\.m2\repository\org\bouncycastle\bcprov-jdk15on\1.62\bcprov-jdk15on-1.62.jar;C:\Users\sxchoudh\.m2\repository\org\jfree\jcommon\1.0.23\jcommon-1.0.23.jar;C:\Users\sxchoudh\.m2\repository\org\jfree\jfreechart\1.0.19\jfreechart-1.0.19.jar;C:\Users\sxchoudh\.m2\repository\org\eclipse\jdt\core\compiler\ecj\4.4.2\ecj-4.4.2.jar;C:\Users\sxchoudh\.m2\repository\org\codehaus\castor\castor-xml\1.4.1\castor-xml-1.4.1.jar;C:\Users\sxchoudh\.m2\repository\org\codehaus\castor\castor-core\1.4.1\castor-core-1.4.1.jar;C:\Users\sxchoudh\.m2\repository\org\apache\commons\commons-lang3\3.10\commons-lang3-3.10.jar;C:\Users\sxchoudh\.m2\repository\javax\inject\javax.inject\1\javax.inject-1.jar;C:\Users\sxchoudh\.m2\repository\com\fasterxml\jackson\core\jackson-core\2.11.4\jackson-core-2.11.4.jar;C:\Users\sxchoudh\.m2\repository\commons-lang\commons-lang\2.6\commons-lang-2.6.jar;C:\Users\sxchoudh\.m2\repository\org\springframework\security\spring-security-test\5.3.8.RELEASE\spring-security-test-5.3.8.RELEASE.jar;C:\Users\sxchoudh\.m2\repository\io\springfox\springfox-swagger2\2.9.2\springfox-swagger2-2.9.2.jar;C:\Users\sxchoudh\.m2\repository\io\swagger\swagger-annotations\1.5.20\swagger-annotations-1.5.20.jar;C:\Users\sxchoudh\.m2\repository\io\swagger\swagger-models\1.5.20\swagger-models-1.5.20.jar;C:\Users\sxchoudh\.m2\repository\io\springfox\springfox-spi\2.9.2\springfox-spi-2.9.2.jar;C:\Users\sxchoudh\.m2\repository\io\springfox\springfox-core\2.9.2\springfox-core-2.9.2.jar;C:\Users\sxchoudh\.m2\repository\io\springfox\springfox-schema\2.9.2\springfox-schema-2.9.2.jar;C:\Users\sxchoudh\.m2\repository\io\springfox\springfox-swagger-common\2.9.2\springfox-swagger-common-2.9.2.jar;C:\Users\sxchoudh\.m2\repository\io\springfox\springfox-spring-web\2.9.2\springfox-spring-web-2.9.2.jar;C:\Users\sxchoudh\.m2\repository\com\google\guava\guava\20.0\guava-20.0.jar;C:\Users\sxchoudh\.m2\repository\com\fasterxml\classmate\1.5.1\classmate-1.5.1.jar;C:\Users\sxchoudh\.m2\repository\org\springframework\plugin\spring-plugin-core\1.2.0.RELEASE\spring-plugin-core-1.2.0.RELEASE.jar;C:\Users\sxchoudh\.m2\repository\org\springframework\plugin\spring-plugin-metadata\1.2.0.RELEASE\spring-plugin-metadata-1.2.0.RELEASE.jar;C:\Users\sxchoudh\.m2\repository\org\mapstruct\mapstruct\1.2.0.Final\mapstruct-1.2.0.Final.jar;C:\Users\sxchoudh\.m2\repository\io\springfox\springfox-swagger-ui\2.9.2\springfox-swagger-ui-2.9.2.jar;C:\Users\sxchoudh\.m2\repository\javax\interceptor\javax.interceptor-api\1.2\javax.interceptor-api-1.2.jar;"/>
    <property name="java.vm.vendor" value="Red Hat, Inc."/>
    <property name="sun.arch.data.model" value="64"/>
    <property name="user.variant" value=""/>
    <property name="java.vendor.url" value="https://developers.redhat.com/"/>
    <property name="user.timezone" value="America/New_York"/>
    <property name="java.vm.specification.version" value="1.8"/>
    <property name="os.name" value="Windows 10"/>
    <property name="user.country" value="US"/>
    <property name="sun.java.launcher" value="SUN_STANDARD"/>
    <property name="sun.boot.library.path" value="C:\Program Files\RedHat\java-1.8.0-openjdk-1.8.0.322-2\jre\bin"/>
    <property name="sun.java.command" value="C:\Users\sxchoudh\AppData\Local\Temp\surefire9072092694112310100\surefirebooter8840282487967601841.jar C:\Users\sxchoudh\AppData\Local\Temp\surefire9072092694112310100 2025-06-17T14-29-56_521-jvmRun1 surefire248550028829750272tmp surefire_01127531268150859418tmp"/>
    <property name="surefire.test.class.path" value="C:\Users\sxchoudh\Documents\repo\etrack-dart-db-service\target\test-classes;C:\Users\sxchoudh\Documents\repo\etrack-dart-db-service\target\classes;C:\Users\sxchoudh\.m2\repository\org\springframework\boot\spring-boot-starter\2.3.9.RELEASE\spring-boot-starter-2.3.9.RELEASE.jar;C:\Users\sxchoudh\.m2\repository\org\springframework\boot\spring-boot\2.3.9.RELEASE\spring-boot-2.3.9.RELEASE.jar;C:\Users\sxchoudh\.m2\repository\org\springframework\boot\spring-boot-autoconfigure\2.3.9.RELEASE\spring-boot-autoconfigure-2.3.9.RELEASE.jar;C:\Users\sxchoudh\.m2\repository\org\springframework\boot\spring-boot-starter-logging\2.3.9.RELEASE\spring-boot-starter-logging-2.3.9.RELEASE.jar;C:\Users\sxchoudh\.m2\repository\ch\qos\logback\logback-classic\1.2.3\logback-classic-1.2.3.jar;C:\Users\sxchoudh\.m2\repository\ch\qos\logback\logback-core\1.2.3\logback-core-1.2.3.jar;C:\Users\sxchoudh\.m2\repository\org\apache\logging\log4j\log4j-to-slf4j\2.13.3\log4j-to-slf4j-2.13.3.jar;C:\Users\sxchoudh\.m2\repository\org\apache\logging\log4j\log4j-api\2.13.3\log4j-api-2.13.3.jar;C:\Users\sxchoudh\.m2\repository\org\slf4j\jul-to-slf4j\1.7.30\jul-to-slf4j-1.7.30.jar;C:\Users\sxchoudh\.m2\repository\jakarta\annotation\jakarta.annotation-api\1.3.5\jakarta.annotation-api-1.3.5.jar;C:\Users\sxchoudh\.m2\repository\org\springframework\spring-core\5.2.13.RELEASE\spring-core-5.2.13.RELEASE.jar;C:\Users\sxchoudh\.m2\repository\org\springframework\spring-jcl\5.2.13.RELEASE\spring-jcl-5.2.13.RELEASE.jar;C:\Users\sxchoudh\.m2\repository\org\projectlombok\lombok\1.18.18\lombok-1.18.18.jar;C:\Users\sxchoudh\.m2\repository\org\springframework\boot\spring-boot-starter-web\2.3.9.RELEASE\spring-boot-starter-web-2.3.9.RELEASE.jar;C:\Users\sxchoudh\.m2\repository\org\springframework\boot\spring-boot-starter-json\2.3.9.RELEASE\spring-boot-starter-json-2.3.9.RELEASE.jar;C:\Users\sxchoudh\.m2\repository\com\fasterxml\jackson\datatype\jackson-datatype-jdk8\2.11.4\jackson-datatype-jdk8-2.11.4.jar;C:\Users\sxchoudh\.m2\repository\com\fasterxml\jackson\datatype\jackson-datatype-jsr310\2.11.4\jackson-datatype-jsr310-2.11.4.jar;C:\Users\sxchoudh\.m2\repository\com\fasterxml\jackson\module\jackson-module-parameter-names\2.11.4\jackson-module-parameter-names-2.11.4.jar;C:\Users\sxchoudh\.m2\repository\org\springframework\spring-web\5.2.13.RELEASE\spring-web-5.2.13.RELEASE.jar;C:\Users\sxchoudh\.m2\repository\org\springframework\spring-webmvc\5.2.13.RELEASE\spring-webmvc-5.2.13.RELEASE.jar;C:\Users\sxchoudh\.m2\repository\org\springframework\spring-expression\5.2.13.RELEASE\spring-expression-5.2.13.RELEASE.jar;C:\Users\sxchoudh\.m2\repository\org\springframework\boot\spring-boot-starter-test\2.3.9.RELEASE\spring-boot-starter-test-2.3.9.RELEASE.jar;C:\Users\sxchoudh\.m2\repository\org\springframework\boot\spring-boot-test\2.3.9.RELEASE\spring-boot-test-2.3.9.RELEASE.jar;C:\Users\sxchoudh\.m2\repository\org\springframework\boot\spring-boot-test-autoconfigure\2.3.9.RELEASE\spring-boot-test-autoconfigure-2.3.9.RELEASE.jar;C:\Users\sxchoudh\.m2\repository\com\jayway\jsonpath\json-path\2.4.0\json-path-2.4.0.jar;C:\Users\sxchoudh\.m2\repository\net\minidev\json-smart\2.3\json-smart-2.3.jar;C:\Users\sxchoudh\.m2\repository\net\minidev\accessors-smart\1.2\accessors-smart-1.2.jar;C:\Users\sxchoudh\.m2\repository\jakarta\xml\bind\jakarta.xml.bind-api\2.3.3\jakarta.xml.bind-api-2.3.3.jar;C:\Users\sxchoudh\.m2\repository\jakarta\activation\jakarta.activation-api\1.2.2\jakarta.activation-api-1.2.2.jar;C:\Users\sxchoudh\.m2\repository\org\assertj\assertj-core\3.16.1\assertj-core-3.16.1.jar;C:\Users\sxchoudh\.m2\repository\org\hamcrest\hamcrest\2.2\hamcrest-2.2.jar;C:\Users\sxchoudh\.m2\repository\org\junit\jupiter\junit-jupiter\5.6.3\junit-jupiter-5.6.3.jar;C:\Users\sxchoudh\.m2\repository\org\junit\jupiter\junit-jupiter-api\5.6.3\junit-jupiter-api-5.6.3.jar;C:\Users\sxchoudh\.m2\repository\org\apiguardian\apiguardian-api\1.1.0\apiguardian-api-1.1.0.jar;C:\Users\sxchoudh\.m2\repository\org\opentest4j\opentest4j\1.2.0\opentest4j-1.2.0.jar;C:\Users\sxchoudh\.m2\repository\org\junit\platform\junit-platform-commons\1.6.3\junit-platform-commons-1.6.3.jar;C:\Users\sxchoudh\.m2\repository\org\junit\jupiter\junit-jupiter-params\5.6.3\junit-jupiter-params-5.6.3.jar;C:\Users\sxchoudh\.m2\repository\org\junit\jupiter\junit-jupiter-engine\5.6.3\junit-jupiter-engine-5.6.3.jar;C:\Users\sxchoudh\.m2\repository\org\junit\platform\junit-platform-engine\1.6.3\junit-platform-engine-1.6.3.jar;C:\Users\sxchoudh\.m2\repository\org\mockito\mockito-core\3.3.3\mockito-core-3.3.3.jar;C:\Users\sxchoudh\.m2\repository\net\bytebuddy\byte-buddy\1.10.20\byte-buddy-1.10.20.jar;C:\Users\sxchoudh\.m2\repository\net\bytebuddy\byte-buddy-agent\1.10.20\byte-buddy-agent-1.10.20.jar;C:\Users\sxchoudh\.m2\repository\org\objenesis\objenesis\2.6\objenesis-2.6.jar;C:\Users\sxchoudh\.m2\repository\org\mockito\mockito-junit-jupiter\3.3.3\mockito-junit-jupiter-3.3.3.jar;C:\Users\sxchoudh\.m2\repository\org\skyscreamer\jsonassert\1.5.0\jsonassert-1.5.0.jar;C:\Users\sxchoudh\.m2\repository\com\vaadin\external\google\android-json\0.0.20131108.vaadin1\android-json-0.0.20131108.vaadin1.jar;C:\Users\sxchoudh\.m2\repository\org\xmlunit\xmlunit-core\2.7.0\xmlunit-core-2.7.0.jar;C:\Users\sxchoudh\.m2\repository\org\springframework\boot\spring-boot-starter-tomcat\2.3.9.RELEASE\spring-boot-starter-tomcat-2.3.9.RELEASE.jar;C:\Users\sxchoudh\.m2\repository\org\apache\tomcat\embed\tomcat-embed-core\9.0.43\tomcat-embed-core-9.0.43.jar;C:\Users\sxchoudh\.m2\repository\org\glassfish\jakarta.el\3.0.3\jakarta.el-3.0.3.jar;C:\Users\sxchoudh\.m2\repository\org\apache\tomcat\embed\tomcat-embed-websocket\9.0.43\tomcat-embed-websocket-9.0.43.jar;C:\Users\sxchoudh\.m2\repository\org\springframework\ldap\spring-ldap-core\2.3.3.RELEASE\spring-ldap-core-2.3.3.RELEASE.jar;C:\Users\sxchoudh\.m2\repository\org\slf4j\slf4j-api\1.7.30\slf4j-api-1.7.30.jar;C:\Users\sxchoudh\.m2\repository\org\springframework\spring-beans\5.2.13.RELEASE\spring-beans-5.2.13.RELEASE.jar;C:\Users\sxchoudh\.m2\repository\org\springframework\spring-tx\5.2.13.RELEASE\spring-tx-5.2.13.RELEASE.jar;C:\Users\sxchoudh\.m2\repository\javax\servlet\javax.servlet-api\4.0.1\javax.servlet-api-4.0.1.jar;C:\Users\sxchoudh\.m2\repository\org\springframework\spring-test\5.2.13.RELEASE\spring-test-5.2.13.RELEASE.jar;C:\Users\sxchoudh\.m2\repository\org\jacoco\jacoco-maven-plugin\0.8.7\jacoco-maven-plugin-0.8.7.jar;C:\Users\sxchoudh\.m2\repository\org\apache\maven\maven-plugin-api\3.0\maven-plugin-api-3.0.jar;C:\Users\sxchoudh\.m2\repository\org\apache\maven\maven-model\3.0\maven-model-3.0.jar;C:\Users\sxchoudh\.m2\repository\org\apache\maven\maven-artifact\3.0\maven-artifact-3.0.jar;C:\Users\sxchoudh\.m2\repository\org\sonatype\sisu\sisu-inject-plexus\1.4.2\sisu-inject-plexus-1.4.2.jar;C:\Users\sxchoudh\.m2\repository\org\sonatype\sisu\sisu-inject-bean\1.4.2\sisu-inject-bean-1.4.2.jar;C:\Users\sxchoudh\.m2\repository\org\sonatype\sisu\sisu-guice\2.1.7\sisu-guice-2.1.7-noaop.jar;C:\Users\sxchoudh\.m2\repository\org\apache\maven\maven-core\3.0\maven-core-3.0.jar;C:\Users\sxchoudh\.m2\repository\org\apache\maven\maven-settings\3.0\maven-settings-3.0.jar;C:\Users\sxchoudh\.m2\repository\org\apache\maven\maven-settings-builder\3.0\maven-settings-builder-3.0.jar;C:\Users\sxchoudh\.m2\repository\org\apache\maven\maven-repository-metadata\3.0\maven-repository-metadata-3.0.jar;C:\Users\sxchoudh\.m2\repository\org\apache\maven\maven-model-builder\3.0\maven-model-builder-3.0.jar;C:\Users\sxchoudh\.m2\repository\org\apache\maven\maven-aether-provider\3.0\maven-aether-provider-3.0.jar;C:\Users\sxchoudh\.m2\repository\org\sonatype\aether\aether-impl\1.7\aether-impl-1.7.jar;C:\Users\sxchoudh\.m2\repository\org\sonatype\aether\aether-spi\1.7\aether-spi-1.7.jar;C:\Users\sxchoudh\.m2\repository\org\sonatype\aether\aether-api\1.7\aether-api-1.7.jar;C:\Users\sxchoudh\.m2\repository\org\sonatype\aether\aether-util\1.7\aether-util-1.7.jar;C:\Users\sxchoudh\.m2\repository\org\codehaus\plexus\plexus-interpolation\1.14\plexus-interpolation-1.14.jar;C:\Users\sxchoudh\.m2\repository\org\codehaus\plexus\plexus-classworlds\2.2.3\plexus-classworlds-2.2.3.jar;C:\Users\sxchoudh\.m2\repository\org\codehaus\plexus\plexus-component-annotations\1.5.5\plexus-component-annotations-1.5.5.jar;C:\Users\sxchoudh\.m2\repository\org\sonatype\plexus\plexus-sec-dispatcher\1.3\plexus-sec-dispatcher-1.3.jar;C:\Users\sxchoudh\.m2\repository\org\sonatype\plexus\plexus-cipher\1.4\plexus-cipher-1.4.jar;C:\Users\sxchoudh\.m2\repository\org\codehaus\plexus\plexus-utils\3.0.22\plexus-utils-3.0.22.jar;C:\Users\sxchoudh\.m2\repository\org\apache\maven\shared\file-management\1.2.1\file-management-1.2.1.jar;C:\Users\sxchoudh\.m2\repository\org\apache\maven\shared\maven-shared-io\1.1\maven-shared-io-1.1.jar;C:\Users\sxchoudh\.m2\repository\org\apache\maven\maven-artifact-manager\2.0.2\maven-artifact-manager-2.0.2.jar;C:\Users\sxchoudh\.m2\repository\org\apache\maven\wagon\wagon-provider-api\1.0-alpha-6\wagon-provider-api-1.0-alpha-6.jar;C:\Users\sxchoudh\.m2\repository\org\codehaus\plexus\plexus-container-default\1.0-alpha-9\plexus-container-default-1.0-alpha-9.jar;C:\Users\sxchoudh\.m2\repository\junit\junit\4.13.2\junit-4.13.2.jar;C:\Users\sxchoudh\.m2\repository\org\hamcrest\hamcrest-core\2.2\hamcrest-core-2.2.jar;C:\Users\sxchoudh\.m2\repository\classworlds\classworlds\1.1-alpha-2\classworlds-1.1-alpha-2.jar;C:\Users\sxchoudh\.m2\repository\org\apache\maven\reporting\maven-reporting-api\3.0\maven-reporting-api-3.0.jar;C:\Users\sxchoudh\.m2\repository\org\apache\maven\doxia\doxia-sink-api\1.0\doxia-sink-api-1.0.jar;C:\Users\sxchoudh\.m2\repository\org\jacoco\org.jacoco.agent\0.8.7\org.jacoco.agent-0.8.7-runtime.jar;C:\Users\sxchoudh\.m2\repository\org\jacoco\org.jacoco.core\0.8.7\org.jacoco.core-0.8.7.jar;C:\Users\sxchoudh\.m2\repository\org\ow2\asm\asm\9.1\asm-9.1.jar;C:\Users\sxchoudh\.m2\repository\org\ow2\asm\asm-commons\9.1\asm-commons-9.1.jar;C:\Users\sxchoudh\.m2\repository\org\ow2\asm\asm-analysis\9.1\asm-analysis-9.1.jar;C:\Users\sxchoudh\.m2\repository\org\ow2\asm\asm-tree\9.1\asm-tree-9.1.jar;C:\Users\sxchoudh\.m2\repository\org\jacoco\org.jacoco.report\0.8.7\org.jacoco.report-0.8.7.jar;C:\Users\sxchoudh\.m2\repository\org\springframework\boot\spring-boot-starter-security\2.3.9.RELEASE\spring-boot-starter-security-2.3.9.RELEASE.jar;C:\Users\sxchoudh\.m2\repository\org\springframework\spring-aop\5.2.13.RELEASE\spring-aop-5.2.13.RELEASE.jar;C:\Users\sxchoudh\.m2\repository\org\springframework\security\spring-security-config\5.3.8.RELEASE\spring-security-config-5.3.8.RELEASE.jar;C:\Users\sxchoudh\.m2\repository\org\springframework\security\spring-security-web\5.3.8.RELEASE\spring-security-web-5.3.8.RELEASE.jar;C:\Users\sxchoudh\.m2\repository\org\springframework\boot\spring-boot-starter-oauth2-client\2.3.9.RELEASE\spring-boot-starter-oauth2-client-2.3.9.RELEASE.jar;C:\Users\sxchoudh\.m2\repository\com\sun\mail\jakarta.mail\1.6.5\jakarta.mail-1.6.5.jar;C:\Users\sxchoudh\.m2\repository\com\sun\activation\jakarta.activation\1.2.2\jakarta.activation-1.2.2.jar;C:\Users\sxchoudh\.m2\repository\org\springframework\security\spring-security-core\5.3.8.RELEASE\spring-security-core-5.3.8.RELEASE.jar;C:\Users\sxchoudh\.m2\repository\org\springframework\security\spring-security-oauth2-client\5.3.8.RELEASE\spring-security-oauth2-client-5.3.8.RELEASE.jar;C:\Users\sxchoudh\.m2\repository\com\nimbusds\oauth2-oidc-sdk\7.1.1\oauth2-oidc-sdk-7.1.1.jar;C:\Users\sxchoudh\.m2\repository\com\github\stephenc\jcip\jcip-annotations\1.0-1\jcip-annotations-1.0-1.jar;C:\Users\sxchoudh\.m2\repository\com\nimbusds\content-type\2.0\content-type-2.0.jar;C:\Users\sxchoudh\.m2\repository\com\nimbusds\lang-tag\1.4.4\lang-tag-1.4.4.jar;C:\Users\sxchoudh\.m2\repository\org\springframework\security\spring-security-oauth2-core\5.3.8.RELEASE\spring-security-oauth2-core-5.3.8.RELEASE.jar;C:\Users\sxchoudh\.m2\repository\org\springframework\security\spring-security-oauth2-jose\5.3.8.RELEASE\spring-security-oauth2-jose-5.3.8.RELEASE.jar;C:\Users\sxchoudh\.m2\repository\com\nimbusds\nimbus-jose-jwt\8.19\nimbus-jose-jwt-8.19.jar;C:\Users\sxchoudh\.m2\repository\org\springframework\security\oauth\spring-security-oauth2\2.5.1.RELEASE\spring-security-oauth2-2.5.1.RELEASE.jar;C:\Users\sxchoudh\.m2\repository\org\springframework\spring-context\5.2.13.RELEASE\spring-context-5.2.13.RELEASE.jar;C:\Users\sxchoudh\.m2\repository\commons-codec\commons-codec\1.14\commons-codec-1.14.jar;C:\Users\sxchoudh\.m2\repository\org\springframework\security\oauth\boot\spring-security-oauth2-autoconfigure\2.5.2\spring-security-oauth2-autoconfigure-2.5.2.jar;C:\Users\sxchoudh\.m2\repository\com\fasterxml\jackson\core\jackson-annotations\2.11.4\jackson-annotations-2.11.4.jar;C:\Users\sxchoudh\.m2\repository\com\fasterxml\jackson\core\jackson-databind\2.11.4\jackson-databind-2.11.4.jar;C:\Users\sxchoudh\.m2\repository\javax\xml\bind\jaxb-api\2.3.1\jaxb-api-2.3.1.jar;C:\Users\sxchoudh\.m2\repository\javax\activation\javax.activation-api\1.2.0\javax.activation-api-1.2.0.jar;C:\Users\sxchoudh\.m2\repository\org\springframework\security\spring-security-jwt\1.1.1.RELEASE\spring-security-jwt-1.1.1.RELEASE.jar;C:\Users\sxchoudh\.m2\repository\org\bouncycastle\bcpkix-jdk15on\1.64\bcpkix-jdk15on-1.64.jar;C:\Users\sxchoudh\.m2\repository\org\glassfish\jaxb\jaxb-runtime\2.3.3\jaxb-runtime-2.3.3.jar;C:\Users\sxchoudh\.m2\repository\org\glassfish\jaxb\txw2\2.3.3\txw2-2.3.3.jar;C:\Users\sxchoudh\.m2\repository\com\sun\istack\istack-commons-runtime\3.0.11\istack-commons-runtime-3.0.11.jar;C:\Users\sxchoudh\.m2\repository\org\springframework\boot\spring-boot-starter-oauth2-resource-server\2.3.9.RELEASE\spring-boot-starter-oauth2-resource-server-2.3.9.RELEASE.jar;C:\Users\sxchoudh\.m2\repository\org\springframework\security\spring-security-oauth2-resource-server\5.3.8.RELEASE\spring-security-oauth2-resource-server-5.3.8.RELEASE.jar;C:\Users\sxchoudh\.m2\repository\org\springframework\boot\spring-boot-starter-data-jpa\2.3.9.RELEASE\spring-boot-starter-data-jpa-2.3.9.RELEASE.jar;C:\Users\sxchoudh\.m2\repository\org\springframework\boot\spring-boot-starter-aop\2.3.9.RELEASE\spring-boot-starter-aop-2.3.9.RELEASE.jar;C:\Users\sxchoudh\.m2\repository\org\aspectj\aspectjweaver\1.9.6\aspectjweaver-1.9.6.jar;C:\Users\sxchoudh\.m2\repository\org\springframework\boot\spring-boot-starter-jdbc\2.3.9.RELEASE\spring-boot-starter-jdbc-2.3.9.RELEASE.jar;C:\Users\sxchoudh\.m2\repository\com\zaxxer\HikariCP\3.4.5\HikariCP-3.4.5.jar;C:\Users\sxchoudh\.m2\repository\org\springframework\spring-jdbc\5.2.13.RELEASE\spring-jdbc-5.2.13.RELEASE.jar;C:\Users\sxchoudh\.m2\repository\jakarta\transaction\jakarta.transaction-api\1.3.3\jakarta.transaction-api-1.3.3.jar;C:\Users\sxchoudh\.m2\repository\jakarta\persistence\jakarta.persistence-api\2.2.3\jakarta.persistence-api-2.2.3.jar;C:\Users\sxchoudh\.m2\repository\org\hibernate\hibernate-core\5.4.28.Final\hibernate-core-5.4.28.Final.jar;C:\Users\sxchoudh\.m2\repository\org\jboss\logging\jboss-logging\3.4.1.Final\jboss-logging-3.4.1.Final.jar;C:\Users\sxchoudh\.m2\repository\org\javassist\javassist\3.27.0-GA\javassist-3.27.0-GA.jar;C:\Users\sxchoudh\.m2\repository\antlr\antlr\2.7.7\antlr-2.7.7.jar;C:\Users\sxchoudh\.m2\repository\org\jboss\jandex\2.2.3.Final\jandex-2.2.3.Final.jar;C:\Users\sxchoudh\.m2\repository\org\dom4j\dom4j\2.1.3\dom4j-2.1.3.jar;C:\Users\sxchoudh\.m2\repository\org\hibernate\common\hibernate-commons-annotations\5.1.2.Final\hibernate-commons-annotations-5.1.2.Final.jar;C:\Users\sxchoudh\.m2\repository\org\springframework\data\spring-data-jpa\2.3.7.RELEASE\spring-data-jpa-2.3.7.RELEASE.jar;C:\Users\sxchoudh\.m2\repository\org\springframework\data\spring-data-commons\2.3.7.RELEASE\spring-data-commons-2.3.7.RELEASE.jar;C:\Users\sxchoudh\.m2\repository\org\springframework\spring-orm\5.2.13.RELEASE\spring-orm-5.2.13.RELEASE.jar;C:\Users\sxchoudh\.m2\repository\org\springframework\spring-aspects\5.2.13.RELEASE\spring-aspects-5.2.13.RELEASE.jar;C:\Users\sxchoudh\.m2\repository\net\sf\jasperreports\jasperreports\6.11.0\jasperreports-6.11.0.jar;C:\Users\sxchoudh\.m2\repository\commons-beanutils\commons-beanutils\1.9.4\commons-beanutils-1.9.4.jar;C:\Users\sxchoudh\.m2\repository\commons-collections\commons-collections\3.2.2\commons-collections-3.2.2.jar;C:\Users\sxchoudh\.m2\repository\commons-digester\commons-digester\2.1\commons-digester-2.1.jar;C:\Users\sxchoudh\.m2\repository\commons-logging\commons-logging\1.1.1\commons-logging-1.1.1.jar;C:\Users\sxchoudh\.m2\repository\org\apache\commons\commons-collections4\4.2\commons-collections4-4.2.jar;C:\Users\sxchoudh\.m2\repository\com\lowagie\itext\2.1.7.js7\itext-2.1.7.js7.jar;C:\Users\sxchoudh\.m2\repository\org\bouncycastle\bcprov-jdk15on\1.62\bcprov-jdk15on-1.62.jar;C:\Users\sxchoudh\.m2\repository\org\jfree\jcommon\1.0.23\jcommon-1.0.23.jar;C:\Users\sxchoudh\.m2\repository\org\jfree\jfreechart\1.0.19\jfreechart-1.0.19.jar;C:\Users\sxchoudh\.m2\repository\org\eclipse\jdt\core\compiler\ecj\4.4.2\ecj-4.4.2.jar;C:\Users\sxchoudh\.m2\repository\org\codehaus\castor\castor-xml\1.4.1\castor-xml-1.4.1.jar;C:\Users\sxchoudh\.m2\repository\org\codehaus\castor\castor-core\1.4.1\castor-core-1.4.1.jar;C:\Users\sxchoudh\.m2\repository\org\apache\commons\commons-lang3\3.10\commons-lang3-3.10.jar;C:\Users\sxchoudh\.m2\repository\javax\inject\javax.inject\1\javax.inject-1.jar;C:\Users\sxchoudh\.m2\repository\com\fasterxml\jackson\core\jackson-core\2.11.4\jackson-core-2.11.4.jar;C:\Users\sxchoudh\.m2\repository\commons-lang\commons-lang\2.6\commons-lang-2.6.jar;C:\Users\sxchoudh\.m2\repository\org\springframework\security\spring-security-test\5.3.8.RELEASE\spring-security-test-5.3.8.RELEASE.jar;C:\Users\sxchoudh\.m2\repository\io\springfox\springfox-swagger2\2.9.2\springfox-swagger2-2.9.2.jar;C:\Users\sxchoudh\.m2\repository\io\swagger\swagger-annotations\1.5.20\swagger-annotations-1.5.20.jar;C:\Users\sxchoudh\.m2\repository\io\swagger\swagger-models\1.5.20\swagger-models-1.5.20.jar;C:\Users\sxchoudh\.m2\repository\io\springfox\springfox-spi\2.9.2\springfox-spi-2.9.2.jar;C:\Users\sxchoudh\.m2\repository\io\springfox\springfox-core\2.9.2\springfox-core-2.9.2.jar;C:\Users\sxchoudh\.m2\repository\io\springfox\springfox-schema\2.9.2\springfox-schema-2.9.2.jar;C:\Users\sxchoudh\.m2\repository\io\springfox\springfox-swagger-common\2.9.2\springfox-swagger-common-2.9.2.jar;C:\Users\sxchoudh\.m2\repository\io\springfox\springfox-spring-web\2.9.2\springfox-spring-web-2.9.2.jar;C:\Users\sxchoudh\.m2\repository\com\google\guava\guava\20.0\guava-20.0.jar;C:\Users\sxchoudh\.m2\repository\com\fasterxml\classmate\1.5.1\classmate-1.5.1.jar;C:\Users\sxchoudh\.m2\repository\org\springframework\plugin\spring-plugin-core\1.2.0.RELEASE\spring-plugin-core-1.2.0.RELEASE.jar;C:\Users\sxchoudh\.m2\repository\org\springframework\plugin\spring-plugin-metadata\1.2.0.RELEASE\spring-plugin-metadata-1.2.0.RELEASE.jar;C:\Users\sxchoudh\.m2\repository\org\mapstruct\mapstruct\1.2.0.Final\mapstruct-1.2.0.Final.jar;C:\Users\sxchoudh\.m2\repository\io\springfox\springfox-swagger-ui\2.9.2\springfox-swagger-ui-2.9.2.jar;C:\Users\sxchoudh\.m2\repository\javax\interceptor\javax.interceptor-api\1.2\javax.interceptor-api-1.2.jar;"/>
    <property name="sun.cpu.endian" value="little"/>
    <property name="user.home" value="C:\Users\sxchoudh"/>
    <property name="user.language" value="en"/>
    <property name="java.specification.vendor" value="Oracle Corporation"/>
    <property name="java.home" value="C:\Program Files\RedHat\java-1.8.0-openjdk-1.8.0.322-2\jre"/>
    <property name="basedir" value="C:\Users\sxchoudh\Documents\repo\etrack-dart-db-service"/>
    <property name="file.separator" value="\"/>
    <property name="line.separator" value="&#10;"/>
    <property name="java.vm.specification.vendor" value="Oracle Corporation"/>
    <property name="java.specification.name" value="Java Platform API Specification"/>
    <property name="java.awt.graphicsenv" value="sun.awt.Win32GraphicsEnvironment"/>
    <property name="surefire.real.class.path" value="C:\Users\sxchoudh\AppData\Local\Temp\surefire9072092694112310100\surefirebooter8840282487967601841.jar;C:\\Users\\sxchoudh\\.m2\\repository\\org\\jacoco\\org.jacoco.agent\\0.8.7\\org.jacoco.agent-0.8.7-runtime.jar"/>
    <property name="sun.boot.class.path" value="C:\Program Files\RedHat\java-1.8.0-openjdk-1.8.0.322-2\jre\lib\resources.jar;C:\Program Files\RedHat\java-1.8.0-openjdk-1.8.0.322-2\jre\lib\rt.jar;C:\Program Files\RedHat\java-1.8.0-openjdk-1.8.0.322-2\jre\lib\sunrsasign.jar;C:\Program Files\RedHat\java-1.8.0-openjdk-1.8.0.322-2\jre\lib\jsse.jar;C:\Program Files\RedHat\java-1.8.0-openjdk-1.8.0.322-2\jre\lib\jce.jar;C:\Program Files\RedHat\java-1.8.0-openjdk-1.8.0.322-2\jre\lib\charsets.jar;C:\Program Files\RedHat\java-1.8.0-openjdk-1.8.0.322-2\jre\lib\jfr.jar;C:\Program Files\RedHat\java-1.8.0-openjdk-1.8.0.322-2\jre\classes"/>
    <property name="user.script" value=""/>
    <property name="sun.management.compiler" value="HotSpot 64-Bit Tiered Compilers"/>
    <property name="java.runtime.version" value="1.8.0_322-b06"/>
    <property name="user.name" value="SxChoudh"/>
    <property name="path.separator" value=";"/>
    <property name="os.version" value="10.0"/>
    <property name="java.endorsed.dirs" value="C:\Program Files\RedHat\java-1.8.0-openjdk-1.8.0.322-2\jre\lib\endorsed"/>
    <property name="java.runtime.name" value="OpenJDK Runtime Environment"/>
    <property name="file.encoding" value="Cp1252"/>
    <property name="java.vm.name" value="OpenJDK 64-Bit Server VM"/>
    <property name="localRepository" value="C:\Users\sxchoudh\.m2\repository"/>
    <property name="java.vendor.url.bug" value="https://bugzilla.redhat.com/enter_bug.cgi"/>
    <property name="java.io.tmpdir" value="C:\Users\sxchoudh\AppData\Local\Temp\"/>
    <property name="idea.version" value="2024.2"/>
    <property name="java.version" value="1.8.0_322"/>
    <property name="user.dir" value="C:\Users\sxchoudh\Documents\repo\etrack-dart-db-service"/>
    <property name="os.arch" value="amd64"/>
    <property name="java.vm.specification.name" value="Java Virtual Machine Specification"/>
    <property name="java.awt.printerjob" value="sun.awt.windows.WPrinterJob"/>
    <property name="sun.os.patch.level" value=""/>
    <property name="java.library.path" value="C:\Program Files\RedHat\java-1.8.0-openjdk-1.8.0.322-2\jre\bin;C:\WINDOWS\Sun\Java\bin;C:\WINDOWS\system32;C:\WINDOWS;C:\ProgramData\Oracle\Java\javapath;C:\oracle\product\11.2.0\client_1\bin;C:\WINDOWS\system32;C:\WINDOWS;C:\WINDOWS\System32\Wbem;C:\WINDOWS\System32\WindowsPowerShell\v1.0\;C:\Program Files\dotnet\;C:\Program Files\RedHat\java-1.8.0-openjdk-1.8.0.322-2\bin;C:\Program Files\RedHat\java-1.8.0-openjdk-1.8.0.322-2\jre\bin;node_modules\npm\bin;C:\ProgramData\chocolatey\bin;%NVM_HOME%;C:\Program Files\nodejs;C:\Program Files\Git\cmd;C:\Users\sxchoudh\AppData\Local\Microsoft\WindowsApps;C:\Users\sxchoudh\AppData\Local\Programs\Git\cmd;C:\Users\sxchoudh\Documents\apache-maven-3.8.4\bin;C:\Program Files\JetBrains\WebStorm 2024.1.4\bin;C:\Users\sxchoudh\AppData\Local\JetBrains\Toolbox\scripts;C:\Program Files\JetBrains\IntelliJ IDEA 2024.1.4\bin;C:\Users\sxchoudh\AppData\Roaming\nvm;C:\nvm4w\nodejs;C:\Users\sxchoudh\AppData\Local\Microsoft\WinGet\Links;C:\Users\sxchoudh\AppData\Local\Microsoft\WindowsApps;."/>
    <property name="java.vm.info" value="mixed mode"/>
    <property name="java.vendor" value="Red Hat, Inc."/>
    <property name="java.vm.version" value="25.322-b06"/>
    <property name="java.ext.dirs" value="C:\Program Files\RedHat\java-1.8.0-openjdk-1.8.0.322-2\jre\lib\ext;C:\WINDOWS\Sun\Java\lib\ext"/>
    <property name="sun.io.unicode.encoding" value="UnicodeLittle"/>
    <property name="java.class.version" value="52.0"/>
  </properties>
  <testcase name="retrieveDARTDueAppsNegative100Test" classname="dec.ny.gov.etrack.dart.db.dao.DashboardDetailDAOTest" time="0"/>
  <testcase name="retrieveDARTDisposedAppsTest" classname="dec.ny.gov.etrack.dart.db.dao.DashboardDetailDAOTest" time="0"/>
  <testcase name="retrieveDARTAplctResponseDueAppsTest" classname="dec.ny.gov.etrack.dart.db.dao.DashboardDetailDAOTest" time="0"/>
  <testcase name="retrieveEmergencyAuthorizationAppsNegative100Test" classname="dec.ny.gov.etrack.dart.db.dao.DashboardDetailDAOTest" time="0.008"/>
  <testcase name="retrieveDARTDisposedAppsNegative100Test" classname="dec.ny.gov.etrack.dart.db.dao.DashboardDetailDAOTest" time="0.005"/>
  <testcase name="findAllReviewProjectDetailsByUserIdNegative100Test" classname="dec.ny.gov.etrack.dart.db.dao.DashboardDetailDAOTest" time="0.012"/>
  <testcase name="retrieveEmergencyAuthorizationApps100Test" classname="dec.ny.gov.etrack.dart.db.dao.DashboardDetailDAOTest" time="0.005"/>
  <testcase name="findAllReviewProjectDetailsByUserId100Test" classname="dec.ny.gov.etrack.dart.db.dao.DashboardDetailDAOTest" time="0.004"/>
  <testcase name="retrieveDARTSuspendedAppsNegative100Test" classname="dec.ny.gov.etrack.dart.db.dao.DashboardDetailDAOTest" time="0.004"/>
  <testcase name="retrieveDARTDueAppsTest" classname="dec.ny.gov.etrack.dart.db.dao.DashboardDetailDAOTest" time="0.002"/>
  <testcase name="retrieveDARTSuspendedAppsTest" classname="dec.ny.gov.etrack.dart.db.dao.DashboardDetailDAOTest" time="0.002"/>
  <testcase name="retrieveDARTPendingApplicationsNegative100Test" classname="dec.ny.gov.etrack.dart.db.dao.DashboardDetailDAOTest" time="0.005"/>
  <testcase name="retrieveDARTPendingApplications100Test" classname="dec.ny.gov.etrack.dart.db.dao.DashboardDetailDAOTest" time="0.005"/>
  <testcase name="retrieveDARTDueAppsExceptionTest" classname="dec.ny.gov.etrack.dart.db.dao.DashboardDetailDAOTest" time="0.002"/>
  <testcase name="retrieveDARTAplctResponseDueApps100Test" classname="dec.ny.gov.etrack.dart.db.dao.DashboardDetailDAOTest" time="0.001"/>
  <testcase name="retrieveDARTSuspendedApps100Test" classname="dec.ny.gov.etrack.dart.db.dao.DashboardDetailDAOTest" time="0.003"/>
  <testcase name="retrieveDARTDueApps100Test" classname="dec.ny.gov.etrack.dart.db.dao.DashboardDetailDAOTest" time="0.003"/>
  <testcase name="retrieveDARTDisposedApps100Test" classname="dec.ny.gov.etrack.dart.db.dao.DashboardDetailDAOTest" time="0.005"/>
  <testcase name="retrieveDARTPendingApplicationsTest" classname="dec.ny.gov.etrack.dart.db.dao.DashboardDetailDAOTest" time="0.003"/>
  <testcase name="retrieveDARTAplctResponseDueAppsNegative100Test" classname="dec.ny.gov.etrack.dart.db.dao.DashboardDetailDAOTest" time="0.004"/>
</testsuite>